09:53:27.717126527 - cupcake - vpid: 1939640, vtid: 1939640 - lttng_ust_hip:__hipRegisterFatBinary_entry: { data: 0x0000000000581e10 }
09:53:27.744043987 - cupcake - vpid: 1939640, vtid: 1939640 - lttng_ust_ze_properties:driver: { hDriver: 0x000000001b2fc050, pDriverProperties_val: { stype: ZE_STRUCTURE_TYPE_DRIVER_PROPERTIES, pNext: 0x0000000000000000, uuid: { id: 00000000-0000-0000-1856-a65901037898 }, driverVersion: 17004696 } }
09:53:27.744048100 - cupcake - vpid: 1939640, vtid: 1939640 - lttng_ust_ze_properties:device: { hDriver: 0x000000001b2fc050, hDevice: 0x000000001b3eaaa8, pDeviceProperties_val: { stype: ZE_STRUCTURE_TYPE_DEVICE_PROPERTIES, pNext: 0x0000000000000000, type: ZE_DEVICE_TYPE_GPU, vendorId: 32902, deviceId: 22176, flags: [  ], subdeviceId: 0, coreClockRate: 2400, maxMemAllocSize: 4294959104, maxHardwareContexts: 65536, maxCommandQueuePriority: 0, numThreadsPerEU: 8, physicalEUSimdWidth: 8, numEUsPerSubslice: 16, numSubslicesPerSlice: 32, numSlices: 1, timerResolution: 52, timestampValidBits: 36, kernelTimestampValidBits: 32, uuid: { id: 00000000-0000-0003-0000-000856a08086 }, name: Intel(R) Arc(TM) A770 Graphics } }
09:53:27.744120712 - cupcake - vpid: 1939640, vtid: 1939640 - lttng_ust_ze_properties:device_timer: { hDevice: 0x000000001b3eaaa8, hostTimestamp: 593726410275826, deviceTimestamp: 61855803190 }
09:53:27.744121559 - cupcake - vpid: 1939640, vtid: 1939640 - lttng_ust_ze_properties:device: { hDriver: 0x000000001b2fc050, hDevice: 0x000000001b3f2a98, pDeviceProperties_val: { stype: ZE_STRUCTURE_TYPE_DEVICE_PROPERTIES, pNext: 0x0000000000000000, type: ZE_DEVICE_TYPE_GPU, vendorId: 32902, deviceId: 42880, flags: [ ZE_DEVICE_PROPERTY_FLAG_INTEGRATED ], subdeviceId: 0, coreClockRate: 1650, maxMemAllocSize: 4294959104, maxHardwareContexts: 65536, maxCommandQueuePriority: 0, numThreadsPerEU: 7, physicalEUSimdWidth: 8, numEUsPerSubslice: 16, numSubslicesPerSlice: 2, numSlices: 1, timerResolution: 52, timestampValidBits: 36, kernelTimestampValidBits: 32, uuid: { id: 00000000-0000-0200-0000-0004a7808086 }, name: Intel(R) UHD Graphics 770 } }
09:53:27.744510356 - cupcake - vpid: 1939640, vtid: 1939640 - lttng_ust_ze_properties:device_timer: { hDevice: 0x000000001b3f2a98, hostTimestamp: 593726410665896, deviceTimestamp: 61452050637 }
09:53:27.744516852 - cupcake - vpid: 1939640, vtid: 1939640 - lttng_ust_ze:zeInit_entry: { flags: [  ] }
09:53:27.744517855 - cupcake - vpid: 1939640, vtid: 1939640 - lttng_ust_ze:zeInit_exit: { zeResult: ZE_RESULT_SUCCESS }
09:53:27.744529417 - cupcake - vpid: 1939640, vtid: 1939640 - lttng_ust_ze:zeDriverGet_entry: { pCount: 0x00007ffd3257ecd4, phDrivers: 0x0000000000000000, pCount_val: 0 }
09:53:27.744532694 - cupcake - vpid: 1939640, vtid: 1939640 - lttng_ust_ze:zeDriverGet_exit: { zeResult: ZE_RESULT_SUCCESS, pCount_val: 1, phDrivers_vals: [  ] }
09:53:27.744569308 - cupcake - vpid: 1939640, vtid: 1939640 - lttng_ust_ze:zeDriverGet_entry: { pCount: 0x00007ffd3257ecd4, phDrivers: 0x000000001b3eaa40, pCount_val: 1 }
09:53:27.744569599 - cupcake - vpid: 1939640, vtid: 1939640 - lttng_ust_ze:zeDriverGet_exit: { zeResult: ZE_RESULT_SUCCESS, pCount_val: 1, phDrivers_vals: [ 0x000000001b2fc050 ] }
09:53:27.744572848 - cupcake - vpid: 1939640, vtid: 1939640 - lttng_ust_ze:zeDriverGetExtensionProperties_entry: { hDriver: 0x000000001b2fc050, pCount: 0x00007ffd3257dbd8, pExtensionProperties: 0x0000000000000000, pCount_val: 0 }
09:53:27.744573893 - cupcake - vpid: 1939640, vtid: 1939640 - lttng_ust_ze:zeDriverGetExtensionProperties_exit: { zeResult: ZE_RESULT_SUCCESS, pCount_val: 26, pExtensionProperties_vals: [  ] }
09:53:27.744597449 - cupcake - vpid: 1939640, vtid: 1939640 - lttng_ust_ze:zeDriverGetExtensionProperties_entry: { hDriver: 0x000000001b2fc050, pCount: 0x00007ffd3257dbd8, pExtensionProperties: 0x000000001b3f4fa0, pCount_val: 26 }
09:53:27.744599893 - cupcake - vpid: 1939640, vtid: 1939640 - lttng_ust_ze:zeDriverGetExtensionProperties_exit: { zeResult: ZE_RESULT_SUCCESS, pCount_val: 26, pExtensionProperties_vals: [ { name: ZE_extension_float_atomics, version: 65536 }, { name: ZE_experimental_relaxed_allocation_limits, version: 65536 }, { name: ZE_experimental_module_program, version: 65536 }, { name: ZE_experimental_scheduling_hints, version: 65536 }, { name: ZE_experimental_global_offset, version: 65536 }, { name: ZE_extension_pci_properties, version: 65536 }, { name: ZE_extension_memory_compression_hints, version: 65536 }, { name: ZE_extension_memory_free_policies, version: 65536 }, { name: ZE_extension_device_memory_properties, version: 65536 }, { name: ZE_extension_raytracing, version: 65536 }, { name: ZE_experimental_power_saving_hint, version: 65536 }, { name: ZE_extension_device_luid, version: 65536 }, { name: ZE_extension_device_ip_version, version: 65536 }, { name: ZE_extension_cache_reservation, version: 65536 }, { name: ZE_extension_image_copy, version: 65536 }, { name: ZE_extension_image_view, version: 65536 }, { name: ZE_extension_image_view_planar, version: 65536 }, { name: ZE_extension_event_query_kernel_timestamps, version: 65536 }, { name: ZE_experimental_rtas_builder, version: 65536 }, { name: ZE_extension_kernel_max_group_size_properties, version: 65536 }, { name: ZE_extension_linkage_inspection, version: 65536 }, { name: ZE_intel_experimental_device_module_dp_properties, version: 65536 }, { name: ZE_experimental_event_pool_counter_based, version: 65536 }, { name: ZE_intel_experimental_command_list_memory_sync, version: 65536 }, { name: ZEX_intel_experimental_event_sync_mode, version: 65536 }, { name: ZE_intel_get_driver_version_string, version: 65536 } ] }
09:53:27.744618220 - cupcake - vpid: 1939640, vtid: 1939640 - lttng_ust_ze:zeDriverGetProperties_entry: { hDriver: 0x000000001b2fc050, pDriverProperties: 0x00007ffd3257e438 }
09:53:27.744618750 - cupcake - vpid: 1939640, vtid: 1939640 - lttng_ust_ze:zeDriverGetProperties_exit: { zeResult: ZE_RESULT_SUCCESS, pDriverProperties_val: { stype: ZE_STRUCTURE_TYPE_DRIVER_PROPERTIES, pNext: 0x0000000000000000, uuid: { id: 00000000-0000-0000-1856-a65901037898 }, driverVersion: 17004696 } }
09:53:27.744647580 - cupcake - vpid: 1939640, vtid: 1939640 - lttng_ust_ze:zeDeviceGet_entry: { hDriver: 0x000000001b2fc050, pCount: 0x00007ffd3257ecb0, phDevices: 0x0000000000000000, pCount_val: 0 }
09:53:27.744648319 - cupcake - vpid: 1939640, vtid: 1939640 - lttng_ust_ze:zeDeviceGet_exit: { zeResult: ZE_RESULT_SUCCESS, pCount_val: 2, phDevices_vals: [  ] }
09:53:27.744670793 - cupcake - vpid: 1939640, vtid: 1939640 - lttng_ust_ze:zeDeviceGet_entry: { hDriver: 0x000000001b2fc050, pCount: 0x00007ffd3257ecb0, phDevices: 0x000000001b3ea9e0, pCount_val: 2 }
09:53:27.744675318 - cupcake - vpid: 1939640, vtid: 1939640 - lttng_ust_ze:zeDeviceGet_exit: { zeResult: ZE_RESULT_SUCCESS, pCount_val: 2, phDevices_vals: [ 0x000000001b3eaaa8, 0x000000001b3f2a98 ] }
09:53:27.744679017 - cupcake - vpid: 1939640, vtid: 1939640 - lttng_ust_ze:zeContextCreateEx_entry: { hDriver: 0x000000001b2fc050, desc: 0x00007ffd3257eb00, numDevices: 2, phDevices: 0x000000001b3ea9e0, phContext: 0x00007ffd3257ec38, desc_val: { stype: ZE_STRUCTURE_TYPE_CONTEXT_DESC, pNext: 0x0000000000000000, flags: [  ] }, phDevices_vals: [ 0x000000001b3eaaa8, 0x000000001b3f2a98 ] }
09:53:27.744680619 - cupcake - vpid: 1939640, vtid: 1939640 - lttng_ust_ze:zeContextCreateEx_exit: { zeResult: ZE_RESULT_SUCCESS, phContext_val: 0x000000001b36c7f0 }
09:53:27.744724511 - cupcake - vpid: 1939640, vtid: 1939640 - lttng_ust_ze:zeDeviceGetProperties_entry: { hDevice: 0x000000001b3eaaa8, pDeviceProperties: 0x00007ffd3257dc28 }
09:53:27.744725577 - cupcake - vpid: 1939640, vtid: 1939640 - lttng_ust_ze:zeDeviceGetProperties_exit: { zeResult: ZE_RESULT_SUCCESS, pDeviceProperties_val: { stype: ZE_STRUCTURE_TYPE_DEVICE_PROPERTIES, pNext: 0x0000000000000000, type: ZE_DEVICE_TYPE_GPU, vendorId: 32902, deviceId: 22176, flags: [  ], subdeviceId: 0, coreClockRate: 2400, maxMemAllocSize: 4294959104, maxHardwareContexts: 65536, maxCommandQueuePriority: 0, numThreadsPerEU: 8, physicalEUSimdWidth: 8, numEUsPerSubslice: 16, numSubslicesPerSlice: 32, numSlices: 1, timerResolution: 52, timestampValidBits: 36, kernelTimestampValidBits: 32, uuid: { id: 00000000-0000-0003-0000-000856a08086 }, name: Intel(R) Arc(TM) A770 Graphics } }
09:53:27.744758226 - cupcake - vpid: 1939640, vtid: 1939640 - lttng_ust_ze:zeDeviceGetCommandQueueGroupProperties_entry: { hDevice: 0x000000001b3eaaa8, pCount: 0x00007ffd3257db3c, pCommandQueueGroupProperties: 0x0000000000000000, pCount_val: 0 }
09:53:27.744758728 - cupcake - vpid: 1939640, vtid: 1939640 - lttng_ust_ze:zeDeviceGetCommandQueueGroupProperties_exit: { zeResult: ZE_RESULT_SUCCESS, pCount_val: 2, pCommandQueueGroupProperties_vals: [  ] }
09:53:27.744775132 - cupcake - vpid: 1939640, vtid: 1939640 - lttng_ust_ze:zeDeviceGetCommandQueueGroupProperties_entry: { hDevice: 0x000000001b3eaaa8, pCount: 0x00007ffd3257db3c, pCommandQueueGroupProperties: 0x000000001b3f3a70, pCount_val: 2 }
09:53:27.744775600 - cupcake - vpid: 1939640, vtid: 1939640 - lttng_ust_ze:zeDeviceGetCommandQueueGroupProperties_exit: { zeResult: ZE_RESULT_SUCCESS, pCount_val: 2, pCommandQueueGroupProperties_vals: [ { stype: ZE_STRUCTURE_TYPE_COMMAND_QUEUE_GROUP_PROPERTIES, pNext: 0x0000000000000000, flags: [ ZE_COMMAND_QUEUE_GROUP_PROPERTY_FLAG_COMPUTE, ZE_COMMAND_QUEUE_GROUP_PROPERTY_FLAG_COPY, ZE_COMMAND_QUEUE_GROUP_PROPERTY_FLAG_COOPERATIVE_KERNELS ], maxMemoryFillPatternSize: 18446744073709551615, numQueues: 1 }, { stype: ZE_STRUCTURE_TYPE_COMMAND_QUEUE_GROUP_PROPERTIES, pNext: 0x0000000000000000, flags: [ ZE_COMMAND_QUEUE_GROUP_PROPERTY_FLAG_COPY ], maxMemoryFillPatternSize: 16, numQueues: 1 } ] }
09:53:27.744787742 - cupcake - vpid: 1939640, vtid: 1939640 - lttng_ust_ze:zeDeviceGetProperties_entry: { hDevice: 0x000000001b3eaaa8, pDeviceProperties: 0x000000001b3f57e8 }
09:53:27.744788142 - cupcake - vpid: 1939640, vtid: 1939640 - lttng_ust_ze:zeDeviceGetProperties_exit: { zeResult: ZE_RESULT_SUCCESS, pDeviceProperties_val: { stype: ZE_STRUCTURE_TYPE_DEVICE_PROPERTIES, pNext: 0x0000000000000000, type: ZE_DEVICE_TYPE_GPU, vendorId: 32902, deviceId: 22176, flags: [  ], subdeviceId: 0, coreClockRate: 2400, maxMemAllocSize: 4294959104, maxHardwareContexts: 65536, maxCommandQueuePriority: 0, numThreadsPerEU: 8, physicalEUSimdWidth: 8, numEUsPerSubslice: 16, numSubslicesPerSlice: 32, numSlices: 1, timerResolution: 52, timestampValidBits: 36, kernelTimestampValidBits: 32, uuid: { id: 00000000-0000-0003-0000-000856a08086 }, name: Intel(R) Arc(TM) A770 Graphics } }
09:53:27.744788659 - cupcake - vpid: 1939640, vtid: 1939640 - lttng_ust_ze:zeDeviceGetMemoryProperties_entry: { hDevice: 0x000000001b3eaaa8, pCount: 0x00007ffd3257d918, pMemProperties: 0x00007ffd3257ccf0, pCount_val: 1 }
09:53:27.744789512 - cupcake - vpid: 1939640, vtid: 1939640 - lttng_ust_ze:zeDeviceGetMemoryProperties_exit: { zeResult: ZE_RESULT_SUCCESS, pCount_val: 1, pMemProperties_vals: [ { stype: ZE_STRUCTURE_TYPE_DEVICE_CACHE_PROPERTIES, pNext: 0x0000000000000000, flags: [  ], maxClockRate: 0, maxBusWidth: 64, totalSize: 16225243136, name: DDR } ] }
09:53:27.744790250 - cupcake - vpid: 1939640, vtid: 1939640 - lttng_ust_ze:zeDeviceGetComputeProperties_entry: { hDevice: 0x000000001b3eaaa8, pComputeProperties: 0x00007ffd3257d870 }
09:53:27.744790569 - cupcake - vpid: 1939640, vtid: 1939640 - lttng_ust_ze:zeDeviceGetComputeProperties_exit: { zeResult: ZE_RESULT_SUCCESS, pComputeProperties_val: { stype: 0, pNext: 0x0000000000000000, maxTotalGroupSize: 1024, maxGroupSizeX: 1024, maxGroupSizeY: 1024, maxGroupSizeZ: 1024, maxGroupCountX: 4294967295, maxGroupCountY: 4294967295, maxGroupCountZ: 4294967295, maxSharedLocalMemory: 65536, numSubGroupSizes: 3, subGroupSizes: [ 8, 16, 32, 0, 0, 0, 0, 2 ] } }
09:53:27.744791290 - cupcake - vpid: 1939640, vtid: 1939640 - lttng_ust_ze:zeDeviceGetCacheProperties_entry: { hDevice: 0x000000001b3eaaa8, pCount: 0x00007ffd3257d918, pCacheProperties: 0x00007ffd3257d118, pCount_val: 1 }
09:53:27.744791655 - cupcake - vpid: 1939640, vtid: 1939640 - lttng_ust_ze:zeDeviceGetCacheProperties_exit: { zeResult: ZE_RESULT_SUCCESS, pCount_val: 1, pCacheProperties_vals: [ { stype: 423248124, pNext: 0x0000000000000000, flags: [  ], cacheSize: 16777216 } ] }
09:53:27.744792242 - cupcake - vpid: 1939640, vtid: 1939640 - lttng_ust_ze:zeDeviceGetModuleProperties_entry: { hDevice: 0x000000001b3eaaa8, pModuleProperties: 0x00007ffd3257d138 }
09:53:27.744793921 - cupcake - vpid: 1939640, vtid: 1939640 - lttng_ust_ze:zeDeviceGetModuleProperties_exit: { zeResult: ZE_RESULT_SUCCESS, pModuleProperties_val: { stype: ZE_STRUCTURE_TYPE_DEVICE_MODULE_PROPERTIES, pNext: 0x000000001b3f5958, spirvVersionSupported: 65539, flags: [ ZE_DEVICE_MODULE_FLAG_FP16, ZE_DEVICE_MODULE_FLAG_FP64, ZE_DEVICE_MODULE_FLAG_INT64_ATOMICS, ZE_DEVICE_MODULE_FLAG_DP4A ], fp16flags: [ ZE_DEVICE_FP_FLAG_DENORM, ZE_DEVICE_FP_FLAG_INF_NAN, ZE_DEVICE_FP_FLAG_ROUND_TO_NEAREST, ZE_DEVICE_FP_FLAG_ROUND_TO_ZERO, ZE_DEVICE_FP_FLAG_ROUND_TO_INF, ZE_DEVICE_FP_FLAG_FMA ], fp32flags: [ ZE_DEVICE_FP_FLAG_DENORM, ZE_DEVICE_FP_FLAG_INF_NAN, ZE_DEVICE_FP_FLAG_ROUND_TO_NEAREST, ZE_DEVICE_FP_FLAG_ROUND_TO_ZERO, ZE_DEVICE_FP_FLAG_ROUND_TO_INF, ZE_DEVICE_FP_FLAG_FMA, ZE_DEVICE_FP_FLAG_ROUNDED_DIVIDE_SQRT ], fp64flags: [ ZE_DEVICE_FP_FLAG_DENORM, ZE_DEVICE_FP_FLAG_INF_NAN, ZE_DEVICE_FP_FLAG_ROUND_TO_NEAREST, ZE_DEVICE_FP_FLAG_ROUND_TO_ZERO, ZE_DEVICE_FP_FLAG_ROUND_TO_INF, ZE_DEVICE_FP_FLAG_FMA, ZE_DEVICE_FP_FLAG_ROUNDED_DIVIDE_SQRT ], maxArgumentsSize: 2048, printfBufferSize: 4194304, nativeKernelSupported: { id: 3257d260-0000-0000-0000-000000000000 } } }
09:53:27.744794509 - cupcake - vpid: 1939640, vtid: 1939640 - lttng_ust_ze:zeDeviceGetImageProperties_entry: { hDevice: 0x000000001b3eaaa8, pImageProperties: 0x00007ffd3257d3b8 }
09:53:27.744795294 - cupcake - vpid: 1939640, vtid: 1939640 - lttng_ust_ze:zeDeviceGetImageProperties_exit: { zeResult: ZE_RESULT_SUCCESS, pImageProperties_val: { stype: ZE_STRUCTURE_TYPE_DEVICE_IMAGE_PROPERTIES, pNext: 0x0000000000000000, maxImageDims1D: 16384, maxImageDims2D: 16384, maxImageDims3D: 2048, maxImageBufferSize: 268434944, maxImageArraySlices: 2048, maxSamplers: 16, maxReadImageArgs: 128, maxWriteImageArgs: 128 } }
09:53:27.744818637 - cupcake - vpid: 1939640, vtid: 1939640 - lttng_ust_ze:zeMemAllocShared_entry: { hContext: 0x000000001b36c7f0, device_desc: 0x00007ffd3257d788, host_desc: 0x00007ffd3257d748, size: 32, alignment: 8, hDevice: 0x0000000000000000, pptr: 0x00007ffd3257d7e8, device_desc_val: { stype: ZE_STRUCTURE_TYPE_DEVICE_MEM_ALLOC_DESC, pNext: 0x0000000000000000, flags: [ ZE_DEVICE_MEM_ALLOC_FLAG_BIAS_CACHED ], ordinal: 0 }, host_desc_val: { stype: ZE_STRUCTURE_TYPE_HOST_MEM_ALLOC_DESC, pNext: 0x0000000000000000, flags: [ ZE_HOST_MEM_ALLOC_FLAG_BIAS_CACHED ] } }
09:53:27.744869726 - cupcake - vpid: 1939640, vtid: 1939640 - lttng_ust_ze:zeMemAllocShared_exit: { zeResult: ZE_RESULT_SUCCESS, pptr_val: 0x00007980198b4000 }
09:53:27.744877942 - cupcake - vpid: 1939640, vtid: 1939640 - lttng_ust_ze:zeCommandQueueCreate_entry: { hContext: 0x000000001b36c7f0, hDevice: 0x000000001b3eaaa8, desc: 0x000000001b3f3fc8, phCommandQueue: 0x000000001b3f4070, desc_val: { stype: ZE_STRUCTURE_TYPE_COMMAND_QUEUE_DESC, pNext: 0x0000000000000000, ordinal: 0, index: 0, flags: [  ], mode: ZE_COMMAND_QUEUE_MODE_ASYNCHRONOUS, priority: ZE_COMMAND_QUEUE_PRIORITY_NORMAL } }
09:53:27.744899030 - cupcake - vpid: 1939640, vtid: 1939640 - lttng_ust_ze:zeCommandQueueCreate_exit: { zeResult: ZE_RESULT_SUCCESS, phCommandQueue_val: 0x000000001b3f6d50 }
09:53:27.744900422 - cupcake - vpid: 1939640, vtid: 1939640 - lttng_ust_ze:zeCommandListCreateImmediate_entry: { hContext: 0x000000001b36c7f0, hDevice: 0x000000001b3eaaa8, altdesc: 0x000000001b3f3fc8, phCommandList: 0x000000001b3f4078, altdesc_val: { stype: ZE_STRUCTURE_TYPE_COMMAND_QUEUE_DESC, pNext: 0x0000000000000000, ordinal: 0, index: 0, flags: [  ], mode: ZE_COMMAND_QUEUE_MODE_ASYNCHRONOUS, priority: ZE_COMMAND_QUEUE_PRIORITY_NORMAL } }
09:53:27.744936343 - cupcake - vpid: 1939640, vtid: 1939640 - lttng_ust_ze:zeCommandListCreateImmediate_exit: { zeResult: ZE_RESULT_SUCCESS, phCommandList_val: 0x000000001b3fbb68 }
09:53:27.745044994 - cupcake - vpid: 1939640, vtid: 1939640 - lttng_ust_hip:__hipRegisterFatBinary_exit: { hipResult: 0x000000001b401c80 }
09:53:27.745050142 - cupcake - vpid: 1939640, vtid: 1939640 - lttng_ust_hip:__hipRegisterVar_entry: { modules: 0x000000001b401c80, var: 0x0000000000581e80, hostVar: 0x0000000000508f30, deviceVar: 0x0000000000508f30, ext: 0, size: 4, constant: 0, global: 0 }
09:53:27.745116206 - cupcake - vpid: 1939640, vtid: 1939640 - lttng_ust_hip:__hipRegisterVar_exit: {  }
09:53:27.745124003 - cupcake - vpid: 1939640, vtid: 1939640 - lttng_ust_hip:__hipRegisterFatBinary_entry: { data: 0x0000000000581e28 }
09:53:27.745128345 - cupcake - vpid: 1939640, vtid: 1939640 - lttng_ust_hip:__hipRegisterFatBinary_exit: { hipResult: 0x000000001b401dc0 }
09:53:27.745128750 - cupcake - vpid: 1939640, vtid: 1939640 - lttng_ust_hip:__hipRegisterVar_entry: { modules: 0x000000001b401dc0, var: 0x000000000058a4b0, hostVar: 0x0000000000508f30, deviceVar: 0x0000000000508f30, ext: 0, size: 4, constant: 0, global: 0 }
09:53:27.745137940 - cupcake - vpid: 1939640, vtid: 1939640 - lttng_ust_hip:__hipRegisterVar_exit: {  }
09:53:27.745139064 - cupcake - vpid: 1939640, vtid: 1939640 - lttng_ust_hip:__hipRegisterFatBinary_entry: { data: 0x0000000000581e40 }
09:53:27.745140878 - cupcake - vpid: 1939640, vtid: 1939640 - lttng_ust_hip:__hipRegisterFatBinary_exit: { hipResult: 0x000000001b401f20 }
09:53:27.745142047 - cupcake - vpid: 1939640, vtid: 1939640 - lttng_ust_hip:__hipRegisterFunction_entry: { modules: 0x000000001b401f20, hostFunction: 0x0000000000580cf8, deviceFunction: 0x000000000050b1f9, deviceName: 0x000000000050b1f9, threadLimit: 4294967295, tid: 0x0000000000000000, bid: 0x0000000000000000, blockDim: 0x0000000000000000, gridDim: 0x0000000000000000, wSize: 0x0000000000000000 }
09:53:27.745164293 - cupcake - vpid: 1939640, vtid: 1939640 - lttng_ust_hip:__hipRegisterFunction_exit: {  }
09:53:27.745164571 - cupcake - vpid: 1939640, vtid: 1939640 - lttng_ust_hip:__hipRegisterVar_entry: { modules: 0x000000001b401f20, var: 0x000000000058a4f0, hostVar: 0x0000000000508f30, deviceVar: 0x0000000000508f30, ext: 0, size: 4, constant: 0, global: 0 }
09:53:27.745166122 - cupcake - vpid: 1939640, vtid: 1939640 - lttng_ust_hip:__hipRegisterVar_exit: {  }
09:53:27.745183059 - cupcake - vpid: 1939640, vtid: 1939640 - lttng_ust_hip:__hipRegisterFatBinary_entry: { data: 0x0000000000581e58 }
09:53:27.745188940 - cupcake - vpid: 1939640, vtid: 1939640 - lttng_ust_hip:__hipRegisterFatBinary_exit: { hipResult: 0x000000001b4021d0 }
09:53:27.745189340 - cupcake - vpid: 1939640, vtid: 1939640 - lttng_ust_hip:__hipRegisterFunction_entry: { modules: 0x000000001b4021d0, hostFunction: 0x0000000000580d00, deviceFunction: 0x000000000050b9fa, deviceName: 0x000000000050b9fa, threadLimit: 4294967295, tid: 0x0000000000000000, bid: 0x0000000000000000, blockDim: 0x0000000000000000, gridDim: 0x0000000000000000, wSize: 0x0000000000000000 }
09:53:27.745195239 - cupcake - vpid: 1939640, vtid: 1939640 - lttng_ust_hip:__hipRegisterFunction_exit: {  }
09:53:27.745195455 - cupcake - vpid: 1939640, vtid: 1939640 - lttng_ust_hip:__hipRegisterVar_entry: { modules: 0x000000001b4021d0, var: 0x000000000058a508, hostVar: 0x0000000000508f30, deviceVar: 0x0000000000508f30, ext: 0, size: 4, constant: 0, global: 0 }
09:53:27.745196897 - cupcake - vpid: 1939640, vtid: 1939640 - lttng_ust_hip:__hipRegisterVar_exit: {  }
09:53:27.745897127 - cupcake - vpid: 1939640, vtid: 1939640 - lttng_ust_hip:hipMalloc_entry: { ptr: 0x00007ffd3257e790, size: 40000000 }
09:53:27.745912909 - cupcake - vpid: 1939640, vtid: 1939640 - lttng_ust_ze:zeMemAllocDevice_entry: { hContext: 0x000000001b36c7f0, device_desc: 0x00007ffd3257d598, size: 40000000, alignment: 0, hDevice: 0x000000001b3eaaa8, pptr: 0x00007ffd3257d5f8, device_desc_val: { stype: ZE_STRUCTURE_TYPE_DEVICE_MEM_ALLOC_DESC, pNext: 0x0000000000000000, flags: [ ZE_DEVICE_MEM_ALLOC_FLAG_BIAS_CACHED ], ordinal: 0 } }
09:53:27.745937509 - cupcake - vpid: 1939640, vtid: 1939640 - lttng_ust_ze:zeMemAllocDevice_exit: { zeResult: ZE_RESULT_SUCCESS, pptr_val: 0xffffd556aaa00000 }
09:53:27.746015370 - cupcake - vpid: 1939640, vtid: 1939640 - lttng_ust_hip:hipMalloc_exit: { hipResult: hipSuccess, ptr_val: 0xffffd556aaa00000 }
09:53:27.746016982 - cupcake - vpid: 1939640, vtid: 1939640 - lttng_ust_hip:hipHostMalloc_entry: { ptr: 0x00007ffd3257e798, size: 40000000, flags: 0 }
09:53:27.746022509 - cupcake - vpid: 1939640, vtid: 1939640 - lttng_ust_ze:zeMemAllocHost_entry: { hContext: 0x000000001b36c7f0, host_desc: 0x00007ffd3257d488, size: 40000000, alignment: 4096, pptr: 0x00007ffd3257d528, host_desc_val: { stype: ZE_STRUCTURE_TYPE_HOST_MEM_ALLOC_DESC, pNext: 0x0000000000000000, flags: [ ZE_HOST_MEM_ALLOC_FLAG_BIAS_CACHED ] } }
09:53:27.754843311 - cupcake - vpid: 1939640, vtid: 1939640 - lttng_ust_ze:zeMemAllocHost_exit: { zeResult: ZE_RESULT_SUCCESS, pptr_val: 0x0000797ff8200000 }
09:53:27.754875210 - cupcake - vpid: 1939640, vtid: 1939640 - lttng_ust_hip:hipHostMalloc_exit: { hipResult: hipSuccess, ptr_val: 0x0000797ff8200000 }
09:53:27.754877508 - cupcake - vpid: 1939640, vtid: 1939640 - lttng_ust_hip:hipStreamCreateWithFlags_entry: { stream: 0x00007ffd3257e4b0, flags: 0 }
09:53:27.754887274 - cupcake - vpid: 1939640, vtid: 1939640 - lttng_ust_ze:zeMemAllocShared_entry: { hContext: 0x000000001b36c7f0, device_desc: 0x00007ffd3257d5f8, host_desc: 0x00007ffd3257d5b8, size: 32, alignment: 8, hDevice: 0x0000000000000000, pptr: 0x00007ffd3257d658, device_desc_val: { stype: ZE_STRUCTURE_TYPE_DEVICE_MEM_ALLOC_DESC, pNext: 0x0000000000000000, flags: [ ZE_DEVICE_MEM_ALLOC_FLAG_BIAS_CACHED ], ordinal: 0 }, host_desc_val: { stype: ZE_STRUCTURE_TYPE_HOST_MEM_ALLOC_DESC, pNext: 0x0000000000000000, flags: [ ZE_HOST_MEM_ALLOC_FLAG_BIAS_CACHED ] } }
09:53:27.754921429 - cupcake - vpid: 1939640, vtid: 1939640 - lttng_ust_ze:zeMemAllocShared_exit: { zeResult: ZE_RESULT_SUCCESS, pptr_val: 0x00007980198b2000 }
09:53:27.754928717 - cupcake - vpid: 1939640, vtid: 1939640 - lttng_ust_ze:zeCommandQueueCreate_entry: { hContext: 0x000000001b36c7f0, hDevice: 0x000000001b3eaaa8, desc: 0x000000001b404358, phCommandQueue: 0x000000001b404400, desc_val: { stype: ZE_STRUCTURE_TYPE_COMMAND_QUEUE_DESC, pNext: 0x0000000000000000, ordinal: 0, index: 0, flags: [  ], mode: ZE_COMMAND_QUEUE_MODE_ASYNCHRONOUS, priority: ZE_COMMAND_QUEUE_PRIORITY_NORMAL } }
09:53:27.754945309 - cupcake - vpid: 1939640, vtid: 1939640 - lttng_ust_ze:zeCommandQueueCreate_exit: { zeResult: ZE_RESULT_SUCCESS, phCommandQueue_val: 0x000000001b40f970 }
09:53:27.754946162 - cupcake - vpid: 1939640, vtid: 1939640 - lttng_ust_ze:zeCommandListCreateImmediate_entry: { hContext: 0x000000001b36c7f0, hDevice: 0x000000001b3eaaa8, altdesc: 0x000000001b404358, phCommandList: 0x000000001b404408, altdesc_val: { stype: ZE_STRUCTURE_TYPE_COMMAND_QUEUE_DESC, pNext: 0x0000000000000000, ordinal: 0, index: 0, flags: [  ], mode: ZE_COMMAND_QUEUE_MODE_ASYNCHRONOUS, priority: ZE_COMMAND_QUEUE_PRIORITY_NORMAL } }
09:53:27.754980169 - cupcake - vpid: 1939640, vtid: 1939640 - lttng_ust_ze:zeCommandListCreateImmediate_exit: { zeResult: ZE_RESULT_SUCCESS, phCommandList_val: 0x000000001b426d28 }
09:53:27.755006744 - cupcake - vpid: 1939640, vtid: 1939640 - lttng_ust_hip:hipStreamCreateWithFlags_exit: { hipResult: hipSuccess, stream_val: 0x000000001b404240 }
09:53:27.755028591 - cupcake - vpid: 1939640, vtid: 1939640 - lttng_ust_hip:hipMemset_entry: { dst: 0xffffd556aaa00000, value: 0, sizeBytes: 40000000 }
09:53:27.755070717 - cupcake - vpid: 1939640, vtid: 1939640 - lttng_ust_ze:zeEventPoolCreate_entry: { hContext: 0x000000001b36c7f0, desc: 0x00007ffd3257a0f0, numDevices: 0, phDevices: 0x0000000000000000, phEventPool: 0x000000001b417a28, desc_val: { stype: ZE_STRUCTURE_TYPE_EVENT_POOL_DESC, pNext: 0x0000000000000000, flags: [ ZE_EVENT_POOL_FLAG_HOST_VISIBLE ], count: 1 }, phDevices_vals: [  ] }
09:53:27.755117877 - cupcake - vpid: 1939640, vtid: 1939640 - lttng_ust_ze:zeEventPoolCreate_exit: { zeResult: ZE_RESULT_SUCCESS, phEventPool_val: 0x000000001b41ec00 }
09:53:27.755121600 - cupcake - vpid: 1939640, vtid: 1939640 - lttng_ust_ze:zeEventCreate_entry: { hEventPool: 0x000000001b41ec00, desc: 0x00007ffd32579eb0, phEvent: 0x000000001b40f7c8, desc_val: { stype: ZE_STRUCTURE_TYPE_EVENT_DESC, pNext: 0x0000000000000000, index: 0, signal: [ ZE_EVENT_SCOPE_FLAG_HOST ], wait: [ ZE_EVENT_SCOPE_FLAG_HOST ] } }
09:53:27.755131972 - cupcake - vpid: 1939640, vtid: 1939640 - lttng_ust_ze:zeEventCreate_exit: { zeResult: ZE_RESULT_SUCCESS, phEvent_val: 0x000000001b2faad8 }
09:53:27.755173501 - cupcake - vpid: 1939640, vtid: 1939640 - lttng_ust_ze:zeEventHostReset_entry: { hEvent: 0x000000001b2faad8 }
09:53:27.755175304 - cupcake - vpid: 1939640, vtid: 1939640 - lttng_ust_ze:zeEventHostReset_exit: { zeResult: ZE_RESULT_SUCCESS }
09:53:27.755462235 - cupcake - vpid: 1939640, vtid: 1939640 - lttng_ust_ze:zeCommandListAppendMemoryFill_entry: { hCommandList: 0x000000001b3fbb68, ptr: 0xffffd556aaa00000, pattern: 0x00007ffd3257b45b, pattern_size: 1, size: 40000000, hSignalEvent: 0x000000001b2faad8, numWaitEvents: 0, phWaitEvents: 0x0000000000000000, pattern_vals: "\x00", phWaitEvents_vals: [  ] }
09:53:27.755531542 - cupcake - vpid: 1939640, vtid: 1939640 - lttng_ust_ze_properties:device_timer: { hDevice: 0x000000001b3eaaa8, hostTimestamp: 593726421686160, deviceTimestamp: 61856022274 }
09:53:27.756839366 - cupcake - vpid: 1939640, vtid: 1939640 - lttng_ust_ze_profiling:event_profiling: { hEvent: 0x000000001b2faad8 }
09:53:27.756846922 - cupcake - vpid: 1939640, vtid: 1939640 - lttng_ust_ze:zeCommandListAppendMemoryFill_exit: { zeResult: ZE_RESULT_SUCCESS }
09:53:27.756920794 - cupcake - vpid: 1939640, vtid: 1939640 - lttng_ust_ze:zeEventHostSynchronize_entry: { hEvent: 0x000000001b2faad8, timeout: 9223372036854775808 }
09:53:27.757227388 - cupcake - vpid: 1939640, vtid: 1939640 - lttng_ust_ze:zeEventHostSynchronize_exit: { zeResult: ZE_RESULT_SUCCESS }
09:53:27.757228538 - cupcake - vpid: 1939640, vtid: 1939640 - lttng_ust_ze:zeCommandQueueSynchronize_entry: { hCommandQueue: 0x000000001b3f6d50, timeout: 9223372036854775808 }
09:53:27.757229736 - cupcake - vpid: 1939640, vtid: 1939640 - lttng_ust_ze:zeCommandQueueSynchronize_exit: { zeResult: ZE_RESULT_SUCCESS }
09:53:27.757233082 - cupcake - vpid: 1939640, vtid: 1939640 - lttng_ust_hip:hipMemset_exit: { hipResult: hipSuccess }
09:53:27.773249089 - cupcake - vpid: 1939640, vtid: 1939640 - lttng_ust_hip:hipEventCreate_entry: { event: 0x00007ffd3257da68 }
09:53:27.773257517 - cupcake - vpid: 1939640, vtid: 1939640 - lttng_ust_ze:zeEventPoolCreate_entry: { hContext: 0x000000001b36c7f0, desc: 0x00007ffd3257b350, numDevices: 0, phDevices: 0x0000000000000000, phEventPool: 0x000000001b41fc10, desc_val: { stype: ZE_STRUCTURE_TYPE_EVENT_POOL_DESC, pNext: 0x0000000000000000, flags: [ ZE_EVENT_POOL_FLAG_HOST_VISIBLE ], count: 1 }, phDevices_vals: [  ] }
09:53:27.773325165 - cupcake - vpid: 1939640, vtid: 1939640 - lttng_ust_ze:zeEventPoolCreate_exit: { zeResult: ZE_RESULT_SUCCESS, phEventPool_val: 0x000000001b402940 }
09:53:27.773326319 - cupcake - vpid: 1939640, vtid: 1939640 - lttng_ust_ze:zeEventCreate_entry: { hEventPool: 0x000000001b402940, desc: 0x00007ffd3257b170, phEvent: 0x000000001b41fc08, desc_val: { stype: ZE_STRUCTURE_TYPE_EVENT_DESC, pNext: 0x0000000000000000, index: 0, signal: [ ZE_EVENT_SCOPE_FLAG_HOST ], wait: [ ZE_EVENT_SCOPE_FLAG_HOST ] } }
09:53:27.773337872 - cupcake - vpid: 1939640, vtid: 1939640 - lttng_ust_ze:zeEventCreate_exit: { zeResult: ZE_RESULT_SUCCESS, phEvent_val: 0x000000001b413338 }
09:53:27.773341289 - cupcake - vpid: 1939640, vtid: 1939640 - lttng_ust_hip:hipEventCreate_exit: { hipResult: hipSuccess, event_val: 0x000000001b41fb70 }
09:53:27.773342997 - cupcake - vpid: 1939640, vtid: 1939640 - lttng_ust_hip:hipEventCreateWithFlags_entry: { event: 0x00007ffd3257da60, flags: 2 }
09:53:27.773344637 - cupcake - vpid: 1939640, vtid: 1939640 - lttng_ust_ze:zeEventPoolCreate_entry: { hContext: 0x000000001b36c7f0, desc: 0x00007ffd3257b340, numDevices: 0, phDevices: 0x0000000000000000, phEventPool: 0x000000001b413670, desc_val: { stype: ZE_STRUCTURE_TYPE_EVENT_POOL_DESC, pNext: 0x0000000000000000, flags: [ ZE_EVENT_POOL_FLAG_HOST_VISIBLE ], count: 1 }, phDevices_vals: [  ] }
09:53:27.773392387 - cupcake - vpid: 1939640, vtid: 1939640 - lttng_ust_ze:zeEventPoolCreate_exit: { zeResult: ZE_RESULT_SUCCESS, phEventPool_val: 0x000000001b420cb0 }
09:53:27.773392747 - cupcake - vpid: 1939640, vtid: 1939640 - lttng_ust_ze:zeEventCreate_entry: { hEventPool: 0x000000001b420cb0, desc: 0x00007ffd3257b160, phEvent: 0x000000001b413668, desc_val: { stype: ZE_STRUCTURE_TYPE_EVENT_DESC, pNext: 0x0000000000000000, index: 0, signal: [ ZE_EVENT_SCOPE_FLAG_HOST ], wait: [ ZE_EVENT_SCOPE_FLAG_HOST ] } }
09:53:27.773401749 - cupcake - vpid: 1939640, vtid: 1939640 - lttng_ust_ze:zeEventCreate_exit: { zeResult: ZE_RESULT_SUCCESS, phEvent_val: 0x000000001b4202d8 }
09:53:27.773402808 - cupcake - vpid: 1939640, vtid: 1939640 - lttng_ust_hip:hipEventCreateWithFlags_exit: { hipResult: hipSuccess, event_val: 0x000000001b4135d0 }
09:53:27.773403309 - cupcake - vpid: 1939640, vtid: 1939640 - lttng_ust_hip:hipEventCreate_entry: { event: 0x00007ffd3257d790 }
09:53:27.773404260 - cupcake - vpid: 1939640, vtid: 1939640 - lttng_ust_ze:zeEventPoolCreate_entry: { hContext: 0x000000001b36c7f0, desc: 0x00007ffd3257b350, numDevices: 0, phDevices: 0x0000000000000000, phEventPool: 0x000000001b41b3c0, desc_val: { stype: ZE_STRUCTURE_TYPE_EVENT_POOL_DESC, pNext: 0x0000000000000000, flags: [ ZE_EVENT_POOL_FLAG_HOST_VISIBLE ], count: 1 }, phDevices_vals: [  ] }
09:53:27.773438689 - cupcake - vpid: 1939640, vtid: 1939640 - lttng_ust_ze:zeEventPoolCreate_exit: { zeResult: ZE_RESULT_SUCCESS, phEventPool_val: 0x000000001b41b3f0 }
09:53:27.773438925 - cupcake - vpid: 1939640, vtid: 1939640 - lttng_ust_ze:zeEventCreate_entry: { hEventPool: 0x000000001b41b3f0, desc: 0x00007ffd3257b170, phEvent: 0x000000001b41b3b8, desc_val: { stype: ZE_STRUCTURE_TYPE_EVENT_DESC, pNext: 0x0000000000000000, index: 0, signal: [ ZE_EVENT_SCOPE_FLAG_HOST ], wait: [ ZE_EVENT_SCOPE_FLAG_HOST ] } }
09:53:27.773446766 - cupcake - vpid: 1939640, vtid: 1939640 - lttng_ust_ze:zeEventCreate_exit: { zeResult: ZE_RESULT_SUCCESS, phEvent_val: 0x000000001b421f28 }
09:53:27.773447201 - cupcake - vpid: 1939640, vtid: 1939640 - lttng_ust_hip:hipEventCreate_exit: { hipResult: hipSuccess, event_val: 0x000000001b41b320 }
09:53:27.773447561 - cupcake - vpid: 1939640, vtid: 1939640 - lttng_ust_hip:hipEventCreate_entry: { event: 0x00007ffd3257d788 }
09:53:27.773448147 - cupcake - vpid: 1939640, vtid: 1939640 - lttng_ust_ze:zeEventPoolCreate_entry: { hContext: 0x000000001b36c7f0, desc: 0x00007ffd3257b350, numDevices: 0, phDevices: 0x0000000000000000, phEventPool: 0x000000001b422260, desc_val: { stype: ZE_STRUCTURE_TYPE_EVENT_POOL_DESC, pNext: 0x0000000000000000, flags: [ ZE_EVENT_POOL_FLAG_HOST_VISIBLE ], count: 1 }, phDevices_vals: [  ] }
09:53:27.773478178 - cupcake - vpid: 1939640, vtid: 1939640 - lttng_ust_ze:zeEventPoolCreate_exit: { zeResult: ZE_RESULT_SUCCESS, phEventPool_val: 0x000000001b422290 }
09:53:27.773478434 - cupcake - vpid: 1939640, vtid: 1939640 - lttng_ust_ze:zeEventCreate_entry: { hEventPool: 0x000000001b422290, desc: 0x00007ffd3257b170, phEvent: 0x000000001b422258, desc_val: { stype: ZE_STRUCTURE_TYPE_EVENT_DESC, pNext: 0x0000000000000000, index: 0, signal: [ ZE_EVENT_SCOPE_FLAG_HOST ], wait: [ ZE_EVENT_SCOPE_FLAG_HOST ] } }
09:53:27.773485623 - cupcake - vpid: 1939640, vtid: 1939640 - lttng_ust_ze:zeEventCreate_exit: { zeResult: ZE_RESULT_SUCCESS, phEvent_val: 0x000000001b4063e8 }
09:53:27.773486029 - cupcake - vpid: 1939640, vtid: 1939640 - lttng_ust_hip:hipEventCreate_exit: { hipResult: hipSuccess, event_val: 0x000000001b4221c0 }
09:53:27.773488169 - cupcake - vpid: 1939640, vtid: 1939640 - lttng_ust_hip:hipGetDevice_entry: { deviceId: 0x00007ffd3257b55c }
09:53:27.773489370 - cupcake - vpid: 1939640, vtid: 1939640 - lttng_ust_hip:hipGetDevice_exit: { hipResult: hipSuccess, deviceId_val: 0 }
09:53:27.773520992 - cupcake - vpid: 1939640, vtid: 1939640 - lttng_ust_hip:hipEventRecord_entry: { event: 0x000000001b4135d0, stream: 0x0000000000000000 }
09:53:27.773525387 - cupcake - vpid: 1939640, vtid: 1939640 - lttng_ust_ze:zeEventHostReset_entry: { hEvent: 0x000000001b4202d8 }
09:53:27.773526527 - cupcake - vpid: 1939640, vtid: 1939640 - lttng_ust_ze:zeEventHostReset_exit: { zeResult: ZE_RESULT_SUCCESS }
09:53:27.773534127 - cupcake - vpid: 1939640, vtid: 1939640 - lttng_ust_ze:zeEventPoolCreate_entry: { hContext: 0x000000001b36c7f0, desc: 0x00007ffd3257a7c0, numDevices: 0, phDevices: 0x0000000000000000, phEventPool: 0x000000001b411078, desc_val: { stype: ZE_STRUCTURE_TYPE_EVENT_POOL_DESC, pNext: 0x0000000000000000, flags: [ ZE_EVENT_POOL_FLAG_HOST_VISIBLE ], count: 2 }, phDevices_vals: [  ] }
09:53:27.773563919 - cupcake - vpid: 1939640, vtid: 1939640 - lttng_ust_ze:zeEventPoolCreate_exit: { zeResult: ZE_RESULT_SUCCESS, phEventPool_val: 0x000000001b40c670 }
09:53:27.773564897 - cupcake - vpid: 1939640, vtid: 1939640 - lttng_ust_ze:zeEventCreate_entry: { hEventPool: 0x000000001b40c670, desc: 0x00007ffd3257a580, phEvent: 0x000000001b40d1a8, desc_val: { stype: ZE_STRUCTURE_TYPE_EVENT_DESC, pNext: 0x0000000000000000, index: 0, signal: [ ZE_EVENT_SCOPE_FLAG_HOST ], wait: [ ZE_EVENT_SCOPE_FLAG_HOST ] } }
09:53:27.773572582 - cupcake - vpid: 1939640, vtid: 1939640 - lttng_ust_ze:zeEventCreate_exit: { zeResult: ZE_RESULT_SUCCESS, phEvent_val: 0x000000001b40d1e8 }
09:53:27.773574184 - cupcake - vpid: 1939640, vtid: 1939640 - lttng_ust_ze:zeEventCreate_entry: { hEventPool: 0x000000001b40c670, desc: 0x00007ffd3257a580, phEvent: 0x000000001b41cd88, desc_val: { stype: ZE_STRUCTURE_TYPE_EVENT_DESC, pNext: 0x0000000000000000, index: 1, signal: [ ZE_EVENT_SCOPE_FLAG_HOST ], wait: [ ZE_EVENT_SCOPE_FLAG_HOST ] } }
09:53:27.773574638 - cupcake - vpid: 1939640, vtid: 1939640 - lttng_ust_ze:zeEventCreate_exit: { zeResult: ZE_RESULT_SUCCESS, phEvent_val: 0x000000001b41cdc8 }
09:53:27.773581756 - cupcake - vpid: 1939640, vtid: 1939640 - lttng_ust_ze:zeEventHostReset_entry: { hEvent: 0x000000001b41cdc8 }
09:53:27.773582146 - cupcake - vpid: 1939640, vtid: 1939640 - lttng_ust_ze:zeEventHostReset_exit: { zeResult: ZE_RESULT_SUCCESS }
09:53:27.773584682 - cupcake - vpid: 1939640, vtid: 1939640 - lttng_ust_ze:zeEventHostReset_entry: { hEvent: 0x000000001b40d1e8 }
09:53:27.773584981 - cupcake - vpid: 1939640, vtid: 1939640 - lttng_ust_ze:zeEventHostReset_exit: { zeResult: ZE_RESULT_SUCCESS }
09:53:27.773629088 - cupcake - vpid: 1939640, vtid: 1939640 - lttng_ust_ze:zeDeviceGetGlobalTimestamps_entry: { hDevice: 0x000000001b3eaaa8, hostTimestamp: 0x000000001b413658, deviceTimestamp: 0x000000001b413660 }
09:53:27.773853120 - cupcake - vpid: 1939640, vtid: 1939640 - lttng_ust_ze:zeDeviceGetGlobalTimestamps_exit: { zeResult: ZE_RESULT_SUCCESS, hostTimestamp_val: 593726440006267, deviceTimestamp_val: 61856373892 }
09:53:27.773860190 - cupcake - vpid: 1939640, vtid: 1939640 - lttng_ust_ze:zeCommandListAppendWriteGlobalTimestamp_entry: { hCommandList: 0x000000001b3fbb68, dstptr: 0x00007980198b4000, hSignalEvent: 0x000000001b41cdc8, numWaitEvents: 0, phWaitEvents: 0x0000000000000000, phWaitEvents_vals: [  ] }
09:53:27.773868154 - cupcake - vpid: 1939640, vtid: 1939640 - lttng_ust_ze_properties:device_timer: { hDevice: 0x000000001b3eaaa8, hostTimestamp: 593726440021954, deviceTimestamp: 61856374335 }
09:53:27.773964725 - cupcake - vpid: 1939640, vtid: 1939640 - lttng_ust_ze_profiling:event_profiling: { hEvent: 0x000000001b41cdc8 }
09:53:27.773965508 - cupcake - vpid: 1939640, vtid: 1939640 - lttng_ust_ze:zeCommandListAppendWriteGlobalTimestamp_exit: { zeResult: ZE_RESULT_SUCCESS }
09:53:27.773969408 - cupcake - vpid: 1939640, vtid: 1939640 - lttng_ust_ze:zeCommandListAppendMemoryCopy_entry: { hCommandList: 0x000000001b3fbb68, dstptr: 0x000000001b413650, srcptr: 0x00007980198b4000, size: 8, hSignalEvent: 0x000000001b40d1e8, numWaitEvents: 1, phWaitEvents: 0x000000001b41cd88, phWaitEvents_vals: [ 0x000000001b41cdc8 ] }
09:53:27.774052950 - cupcake - vpid: 1939640, vtid: 1939640 - lttng_ust_ze_properties:device_timer: { hDevice: 0x000000001b3eaaa8, hostTimestamp: 593726440207061, deviceTimestamp: 61856377890 }
09:53:27.774532007 - cupcake - vpid: 1939640, vtid: 1939640 - lttng_ust_ze_profiling:event_profiling: { hEvent: 0x000000001b40d1e8 }
09:53:27.774532810 - cupcake - vpid: 1939640, vtid: 1939640 - lttng_ust_ze:zeCommandListAppendMemoryCopy_exit: { zeResult: ZE_RESULT_SUCCESS }
09:53:27.774547868 - cupcake - vpid: 1939640, vtid: 1939640 - lttng_ust_ze:zeCommandListAppendBarrier_entry: { hCommandList: 0x000000001b3fbb68, hSignalEvent: 0x000000001b4202d8, numWaitEvents: 1, phWaitEvents: 0x000000001b40d1a8, phWaitEvents_vals: [ 0x000000001b40d1e8 ] }
09:53:27.774666157 - cupcake - vpid: 1939640, vtid: 1939640 - lttng_ust_ze_properties:device_timer: { hDevice: 0x000000001b3eaaa8, hostTimestamp: 593726440820197, deviceTimestamp: 61856389658 }
09:53:27.774699848 - cupcake - vpid: 1939640, vtid: 1939640 - lttng_ust_ze_profiling:event_profiling: { hEvent: 0x000000001b4202d8 }
09:53:27.774700650 - cupcake - vpid: 1939640, vtid: 1939640 - lttng_ust_ze:zeCommandListAppendBarrier_exit: { zeResult: ZE_RESULT_SUCCESS }
09:53:27.774705770 - cupcake - vpid: 1939640, vtid: 1939640 - lttng_ust_ze:zeEventPoolCreate_entry: { hContext: 0x000000001b36c7f0, desc: 0x00007ffd3257a7c0, numDevices: 0, phDevices: 0x0000000000000000, phEventPool: 0x000000001b41df98, desc_val: { stype: ZE_STRUCTURE_TYPE_EVENT_POOL_DESC, pNext: 0x0000000000000000, flags: [ ZE_EVENT_POOL_FLAG_HOST_VISIBLE ], count: 4 }, phDevices_vals: [  ] }
09:53:27.774750747 - cupcake - vpid: 1939640, vtid: 1939640 - lttng_ust_ze:zeEventPoolCreate_exit: { zeResult: ZE_RESULT_SUCCESS, phEventPool_val: 0x000000001b41e990 }
09:53:27.774752279 - cupcake - vpid: 1939640, vtid: 1939640 - lttng_ust_ze:zeEventCreate_entry: { hEventPool: 0x000000001b41e990, desc: 0x00007ffd3257a580, phEvent: 0x000000001b47ef18, desc_val: { stype: ZE_STRUCTURE_TYPE_EVENT_DESC, pNext: 0x0000000000000000, index: 0, signal: [ ZE_EVENT_SCOPE_FLAG_HOST ], wait: [ ZE_EVENT_SCOPE_FLAG_HOST ] } }
09:53:27.774761249 - cupcake - vpid: 1939640, vtid: 1939640 - lttng_ust_ze:zeEventCreate_exit: { zeResult: ZE_RESULT_SUCCESS, phEvent_val: 0x000000001b47ef58 }
09:53:27.774762248 - cupcake - vpid: 1939640, vtid: 1939640 - lttng_ust_ze:zeEventCreate_entry: { hEventPool: 0x000000001b41e990, desc: 0x00007ffd3257a580, phEvent: 0x000000001b47f178, desc_val: { stype: ZE_STRUCTURE_TYPE_EVENT_DESC, pNext: 0x0000000000000000, index: 1, signal: [ ZE_EVENT_SCOPE_FLAG_HOST ], wait: [ ZE_EVENT_SCOPE_FLAG_HOST ] } }
09:53:27.774762874 - cupcake - vpid: 1939640, vtid: 1939640 - lttng_ust_ze:zeEventCreate_exit: { zeResult: ZE_RESULT_SUCCESS, phEvent_val: 0x000000001b47f1b8 }
09:53:27.774763261 - cupcake - vpid: 1939640, vtid: 1939640 - lttng_ust_ze:zeEventCreate_entry: { hEventPool: 0x000000001b41e990, desc: 0x00007ffd3257a580, phEvent: 0x000000001b47f4e8, desc_val: { stype: ZE_STRUCTURE_TYPE_EVENT_DESC, pNext: 0x0000000000000000, index: 2, signal: [ ZE_EVENT_SCOPE_FLAG_HOST ], wait: [ ZE_EVENT_SCOPE_FLAG_HOST ] } }
09:53:27.774763609 - cupcake - vpid: 1939640, vtid: 1939640 - lttng_ust_ze:zeEventCreate_exit: { zeResult: ZE_RESULT_SUCCESS, phEvent_val: 0x000000001b47f528 }
09:53:27.774763971 - cupcake - vpid: 1939640, vtid: 1939640 - lttng_ust_ze:zeEventCreate_entry: { hEventPool: 0x000000001b41e990, desc: 0x00007ffd3257a580, phEvent: 0x000000001b47f858, desc_val: { stype: ZE_STRUCTURE_TYPE_EVENT_DESC, pNext: 0x0000000000000000, index: 3, signal: [ ZE_EVENT_SCOPE_FLAG_HOST ], wait: [ ZE_EVENT_SCOPE_FLAG_HOST ] } }
09:53:27.774764360 - cupcake - vpid: 1939640, vtid: 1939640 - lttng_ust_ze:zeEventCreate_exit: { zeResult: ZE_RESULT_SUCCESS, phEvent_val: 0x000000001b47f898 }
09:53:27.774768720 - cupcake - vpid: 1939640, vtid: 1939640 - lttng_ust_ze:zeEventHostReset_entry: { hEvent: 0x000000001b47f898 }
09:53:27.774769584 - cupcake - vpid: 1939640, vtid: 1939640 - lttng_ust_ze:zeEventHostReset_exit: { zeResult: ZE_RESULT_SUCCESS }
09:53:27.774770680 - cupcake - vpid: 1939640, vtid: 1939640 - lttng_ust_ze:zeCommandListAppendBarrier_entry: { hCommandList: 0x000000001b3fbb68, hSignalEvent: 0x000000001b47f898, numWaitEvents: 1, phWaitEvents: 0x000000001b40d1a8, phWaitEvents_vals: [ 0x000000001b40d1e8 ] }
09:53:27.774778477 - cupcake - vpid: 1939640, vtid: 1939640 - lttng_ust_ze_properties:device_timer: { hDevice: 0x000000001b3eaaa8, hostTimestamp: 593726440932559, deviceTimestamp: 61856391820 }
09:53:27.774801239 - cupcake - vpid: 1939640, vtid: 1939640 - lttng_ust_ze_profiling:event_profiling: { hEvent: 0x000000001b47f898 }
09:53:27.774801504 - cupcake - vpid: 1939640, vtid: 1939640 - lttng_ust_ze:zeCommandListAppendBarrier_exit: { zeResult: ZE_RESULT_SUCCESS }
09:53:27.774809070 - cupcake - vpid: 1939640, vtid: 1939640 - lttng_ust_hip:hipEventRecord_exit: { hipResult: hipSuccess }
09:53:27.774809749 - cupcake - vpid: 1939640, vtid: 1939640 - lttng_ust_hip:hipEventRecord_entry: { event: 0x000000001b41b320, stream: 0x0000000000000000 }
09:53:27.774811894 - cupcake - vpid: 1939640, vtid: 1939640 - lttng_ust_ze:zeEventHostReset_entry: { hEvent: 0x000000001b421f28 }
09:53:27.774812466 - cupcake - vpid: 1939640, vtid: 1939640 - lttng_ust_ze:zeEventHostReset_exit: { zeResult: ZE_RESULT_SUCCESS }
09:53:27.774813916 - cupcake - vpid: 1939640, vtid: 1939640 - lttng_ust_ze:zeEventHostReset_entry: { hEvent: 0x000000001b47f528 }
09:53:27.774814217 - cupcake - vpid: 1939640, vtid: 1939640 - lttng_ust_ze:zeEventHostReset_exit: { zeResult: ZE_RESULT_SUCCESS }
09:53:27.774815363 - cupcake - vpid: 1939640, vtid: 1939640 - lttng_ust_ze:zeEventHostReset_entry: { hEvent: 0x000000001b47f1b8 }
09:53:27.774815671 - cupcake - vpid: 1939640, vtid: 1939640 - lttng_ust_ze:zeEventHostReset_exit: { zeResult: ZE_RESULT_SUCCESS }
09:53:27.774883173 - cupcake - vpid: 1939640, vtid: 1939640 - lttng_ust_ze:zeDeviceGetGlobalTimestamps_entry: { hDevice: 0x000000001b3eaaa8, hostTimestamp: 0x000000001b41b3a8, deviceTimestamp: 0x000000001b41b3b0 }
09:53:27.774906410 - cupcake - vpid: 1939640, vtid: 1939640 - lttng_ust_ze:zeDeviceGetGlobalTimestamps_exit: { zeResult: ZE_RESULT_SUCCESS, hostTimestamp_val: 593726441060313, deviceTimestamp_val: 61856394265 }
09:53:27.774909980 - cupcake - vpid: 1939640, vtid: 1939640 - lttng_ust_ze:zeCommandListAppendWriteGlobalTimestamp_entry: { hCommandList: 0x000000001b3fbb68, dstptr: 0x00007980198b4000, hSignalEvent: 0x000000001b47f528, numWaitEvents: 1, phWaitEvents: 0x000000001b47fd70, phWaitEvents_vals: [ 0x000000001b47f898 ] }
09:53:27.774917354 - cupcake - vpid: 1939640, vtid: 1939640 - lttng_ust_ze_properties:device_timer: { hDevice: 0x000000001b3eaaa8, hostTimestamp: 593726441071458, deviceTimestamp: 61856394485 }
09:53:27.774925799 - cupcake - vpid: 1939640, vtid: 1939640 - lttng_ust_ze_profiling:event_profiling: { hEvent: 0x000000001b47f528 }
09:53:27.774926178 - cupcake - vpid: 1939640, vtid: 1939640 - lttng_ust_ze:zeCommandListAppendWriteGlobalTimestamp_exit: { zeResult: ZE_RESULT_SUCCESS }
09:53:27.774929893 - cupcake - vpid: 1939640, vtid: 1939640 - lttng_ust_ze:zeCommandListAppendMemoryCopy_entry: { hCommandList: 0x000000001b3fbb68, dstptr: 0x000000001b41b3a0, srcptr: 0x00007980198b4000, size: 8, hSignalEvent: 0x000000001b47f1b8, numWaitEvents: 1, phWaitEvents: 0x000000001b47f4e8, phWaitEvents_vals: [ 0x000000001b47f528 ] }
09:53:27.774951608 - cupcake - vpid: 1939640, vtid: 1939640 - lttng_ust_ze_properties:device_timer: { hDevice: 0x000000001b3eaaa8, hostTimestamp: 593726441105723, deviceTimestamp: 61856395140 }
09:53:27.774997555 - cupcake - vpid: 1939640, vtid: 1939640 - lttng_ust_ze_profiling:event_profiling: { hEvent: 0x000000001b47f1b8 }
09:53:27.774998054 - cupcake - vpid: 1939640, vtid: 1939640 - lttng_ust_ze:zeCommandListAppendMemoryCopy_exit: { zeResult: ZE_RESULT_SUCCESS }
09:53:27.774999378 - cupcake - vpid: 1939640, vtid: 1939640 - lttng_ust_ze:zeCommandListAppendBarrier_entry: { hCommandList: 0x000000001b3fbb68, hSignalEvent: 0x000000001b421f28, numWaitEvents: 1, phWaitEvents: 0x000000001b47f178, phWaitEvents_vals: [ 0x000000001b47f1b8 ] }
09:53:27.775006950 - cupcake - vpid: 1939640, vtid: 1939640 - lttng_ust_ze_properties:device_timer: { hDevice: 0x000000001b3eaaa8, hostTimestamp: 593726441161053, deviceTimestamp: 61856396208 }
09:53:27.775043050 - cupcake - vpid: 1939640, vtid: 1939640 - lttng_ust_ze_profiling:event_profiling: { hEvent: 0x000000001b421f28 }
09:53:27.775043257 - cupcake - vpid: 1939640, vtid: 1939640 - lttng_ust_ze:zeCommandListAppendBarrier_exit: { zeResult: ZE_RESULT_SUCCESS }
09:53:27.775045376 - cupcake - vpid: 1939640, vtid: 1939640 - lttng_ust_ze:zeEventHostReset_entry: { hEvent: 0x000000001b47ef58 }
09:53:27.775045862 - cupcake - vpid: 1939640, vtid: 1939640 - lttng_ust_ze:zeEventHostReset_exit: { zeResult: ZE_RESULT_SUCCESS }
09:53:27.775046423 - cupcake - vpid: 1939640, vtid: 1939640 - lttng_ust_ze:zeCommandListAppendBarrier_entry: { hCommandList: 0x000000001b3fbb68, hSignalEvent: 0x000000001b47ef58, numWaitEvents: 1, phWaitEvents: 0x000000001b47f178, phWaitEvents_vals: [ 0x000000001b47f1b8 ] }
09:53:27.775054644 - cupcake - vpid: 1939640, vtid: 1939640 - lttng_ust_ze_properties:device_timer: { hDevice: 0x000000001b3eaaa8, hostTimestamp: 593726441208745, deviceTimestamp: 61856397121 }
09:53:27.775061814 - cupcake - vpid: 1939640, vtid: 1939640 - lttng_ust_ze_profiling:event_profiling: { hEvent: 0x000000001b47ef58 }
09:53:27.775062031 - cupcake - vpid: 1939640, vtid: 1939640 - lttng_ust_ze:zeCommandListAppendBarrier_exit: { zeResult: ZE_RESULT_SUCCESS }
09:53:27.775065156 - cupcake - vpid: 1939640, vtid: 1939640 - lttng_ust_hip:hipEventRecord_exit: { hipResult: hipSuccess }
09:53:27.775074343 - cupcake - vpid: 1939640, vtid: 1939640 - lttng_ust_hip:__hipPushCallConfiguration_entry: { gridDim: { x: 39063, y: 1, z: 1 }, blockDim: { x: 256, y: 1, z: 1 }, sharedMem: 0, stream: 0x0000000000000000 }
09:53:27.775090266 - cupcake - vpid: 1939640, vtid: 1939640 - lttng_ust_hip:__hipPushCallConfiguration_exit: { hipResult: hipSuccess }
09:53:27.775094531 - cupcake - vpid: 1939640, vtid: 1939640 - lttng_ust_hip:__hipPopCallConfiguration_entry: { gridDim: 0x00007ffd3257b548, blockDim: 0x00007ffd3257b538, sharedMem: 0x00007ffd3257b530, stream: 0x00007ffd3257b528 }
09:53:27.775100717 - cupcake - vpid: 1939640, vtid: 1939640 - lttng_ust_hip:__hipPopCallConfiguration_exit: { hipResult: hipSuccess, gridDim_val: { x: 39063, y: 1, z: 1 }, blockDim_val: { x: 256, y: 1, z: 1 }, sharedMem_val: 0, stream_val: 0x0000000000000000 }
09:53:27.775102716 - cupcake - vpid: 1939640, vtid: 1939640 - lttng_ust_hip:hipLaunchKernel_entry: { function_address: 0x0000000000580d00, numBlocks: { x: 39063, y: 1, z: 1 }, dimBlocks: { x: 256, y: 1, z: 1 }, args: 0x00007ffd3257b4e0, sharedMemBytes: 0, stream: 0x0000000000000000 }
09:53:27.776366041 - cupcake - vpid: 1939640, vtid: 1939640 - lttng_ust_ze:zeModuleCreate_entry: { hContext: 0x000000001b36c7f0, hDevice: 0x000000001b3eaaa8, desc: 0x00007ffd3257aa58, phModule: 0x00007ffd3257a0c8, phBuildLog: 0x00007ffd3257a090, desc_val: { stype: ZE_STRUCTURE_TYPE_MODULE_DESC, pNext: 0x0000000000000000, format: ZE_MODULE_FORMAT_NATIVE, inputSize: 12080, pInputModule: 0x000000001b455db0, pBuildFlags: 0x0000000000000000, pConstants: 0x0000000000000000 }, desc__pBuildFlags_val: "(null)", desc__pConstants_val: , desc__pConstants__pConstantIds_vals: [], desc__pConstants__pConstantValues_vals: [  ] }
09:53:27.777325790 - cupcake - vpid: 1939640, vtid: 1939640 - lttng_ust_ze_build:log: { buildLog: "" }
09:53:27.777328349 - cupcake - vpid: 1939640, vtid: 1939640 - lttng_ust_ze:zeModuleCreate_exit: { zeResult: ZE_RESULT_SUCCESS, phModule_val: 0x000000001b483000, phBuildLog_val: 0x000000001b4846a0 }
09:53:27.777338520 - cupcake - vpid: 1939640, vtid: 1939640 - lttng_ust_ze:zeModuleBuildLogGetString_entry: { hModuleBuildLog: 0x000000001b4846a0, pSize: 0x00007ffd32579e80, pBuildLog: 0x0000000000000000, pSize_val: 133591089871230 }
09:53:27.777339248 - cupcake - vpid: 1939640, vtid: 1939640 - lttng_ust_ze:zeModuleBuildLogGetString_exit: { zeResult: ZE_RESULT_SUCCESS, pSize_val: 1, pBuildLog_vals: "" }
09:53:27.777348578 - cupcake - vpid: 1939640, vtid: 1939640 - lttng_ust_ze:zeModuleBuildLogGetString_entry: { hModuleBuildLog: 0x000000001b4846a0, pSize: 0x00007ffd32579e80, pBuildLog: 0x000000001b483d70, pSize_val: 1 }
09:53:27.777348836 - cupcake - vpid: 1939640, vtid: 1939640 - lttng_ust_ze:zeModuleBuildLogGetString_exit: { zeResult: ZE_RESULT_SUCCESS, pSize_val: 1, pBuildLog_vals: "\x00" }
09:53:27.777356684 - cupcake - vpid: 1939640, vtid: 1939640 - lttng_ust_ze:zeModuleGetKernelNames_entry: { hModule: 0x000000001b483000, pCount: 0x00007ffd3257acfc, pNames: 0x0000000000000000, pCount_val: 0 }
09:53:27.777357335 - cupcake - vpid: 1939640, vtid: 1939640 - lttng_ust_ze:zeModuleGetKernelNames_exit: { zeResult: ZE_RESULT_SUCCESS, pCount_val: 4, pNames_vals: [  ] }
09:53:27.777361857 - cupcake - vpid: 1939640, vtid: 1939640 - lttng_ust_ze:zeModuleGetKernelNames_entry: { hModule: 0x000000001b483000, pCount: 0x00007ffd3257acfc, pNames: 0x000000001b458d50, pCount_val: 4 }
09:53:27.777362195 - cupcake - vpid: 1939640, vtid: 1939640 - lttng_ust_ze:zeModuleGetKernelNames_exit: { zeResult: ZE_RESULT_SUCCESS, pCount_val: 4, pNames_vals: [ 0x000000001b483e60, 0x000000001b45b1c0, 0x000000001b483da0, 0x000000001b484c60 ] }
09:53:27.777379004 - cupcake - vpid: 1939640, vtid: 1939640 - lttng_ust_ze:zeKernelCreate_entry: { hModule: 0x000000001b483000, desc: 0x00007ffd3257ab58, phKernel: 0x00007ffd3257ac40, desc_val: { stype: ZE_STRUCTURE_TYPE_KERNEL_DESC, pNext: 0x0000000000000000, flags: [ ZE_KERNEL_FLAG_FORCE_RESIDENCY ], pKernelName: 0x000000001b483d70 }, desc__pKernelName_val: "_ZN7HipTest12_GLOBAL__N_110waitKernelEl" }
09:53:27.777384147 - cupcake - vpid: 1939640, vtid: 1939640 - lttng_ust_ze_properties:kernel: { hKernel: 0x000000001b481768, pKernelProperties_val: { stype: ZE_STRUCTURE_TYPE_KERNEL_PROPERTIES, pNext: 0x0000000000000000, numKernelArgs: 1, requiredGroupSizeX: 0, requiredGroupSizeY: 0, requiredGroupSizeZ: 0, requiredNumSubGroups: 0, requiredSubgroupSize: 0, maxSubgroupSize: 32, maxNumSubgroups: 32, localMemSize: 32, privateMemSize: 0, spillMemSize: 0, uuid: { kid: 00000000-0000-0000-0000-000000000000, mid: 00000000-0000-0000-0000-000000000000 } } }
09:53:27.777384896 - cupcake - vpid: 1939640, vtid: 1939640 - lttng_ust_ze:zeKernelCreate_exit: { zeResult: ZE_RESULT_SUCCESS, phKernel_val: 0x000000001b481768 }
09:53:27.777392758 - cupcake - vpid: 1939640, vtid: 1939640 - lttng_ust_ze:zeKernelGetProperties_entry: { hKernel: 0x000000001b481768, pKernelProperties: 0x00007ffd32579f70 }
09:53:27.777393422 - cupcake - vpid: 1939640, vtid: 1939640 - lttng_ust_ze:zeKernelGetProperties_exit: { zeResult: ZE_RESULT_SUCCESS, pKernelProperties_val: { stype: ZE_STRUCTURE_TYPE_KERNEL_PROPERTIES, pNext: 0x0000000000000000, numKernelArgs: 1, requiredGroupSizeX: 0, requiredGroupSizeY: 0, requiredGroupSizeZ: 0, requiredNumSubGroups: 0, requiredSubgroupSize: 0, maxSubgroupSize: 32, maxNumSubgroups: 32, localMemSize: 32, privateMemSize: 0, spillMemSize: 0, uuid: { kid: 00000000-0000-0000-0000-000000000000, mid: 00000000-0000-0000-0000-000000000000 } } }
09:53:27.777410323 - cupcake - vpid: 1939640, vtid: 1939640 - lttng_ust_ze:zeKernelCreate_entry: { hModule: 0x000000001b483000, desc: 0x00007ffd3257ab58, phKernel: 0x00007ffd3257ac40, desc_val: { stype: ZE_STRUCTURE_TYPE_KERNEL_DESC, pNext: 0x0000000000000000, flags: [ ZE_KERNEL_FLAG_FORCE_RESIDENCY ], pKernelName: 0x000000001b488d90 }, desc__pKernelName_val: "_ZN7HipTest15addCountReverseIiEEvPKT_PS1_li" }
09:53:27.777412338 - cupcake - vpid: 1939640, vtid: 1939640 - lttng_ust_ze_properties:kernel: { hKernel: 0x000000001b481aa8, pKernelProperties_val: { stype: ZE_STRUCTURE_TYPE_KERNEL_PROPERTIES, pNext: 0x0000000000000000, numKernelArgs: 4, requiredGroupSizeX: 0, requiredGroupSizeY: 0, requiredGroupSizeZ: 0, requiredNumSubGroups: 0, requiredSubgroupSize: 0, maxSubgroupSize: 32, maxNumSubgroups: 32, localMemSize: 0, privateMemSize: 0, spillMemSize: 0, uuid: { kid: 00000000-0000-0000-0000-000000000000, mid: 00000000-0000-0000-0000-000000000000 } } }
09:53:27.777412568 - cupcake - vpid: 1939640, vtid: 1939640 - lttng_ust_ze:zeKernelCreate_exit: { zeResult: ZE_RESULT_SUCCESS, phKernel_val: 0x000000001b481aa8 }
09:53:27.777413585 - cupcake - vpid: 1939640, vtid: 1939640 - lttng_ust_ze:zeKernelGetProperties_entry: { hKernel: 0x000000001b481aa8, pKernelProperties: 0x00007ffd32579f70 }
09:53:27.777413774 - cupcake - vpid: 1939640, vtid: 1939640 - lttng_ust_ze:zeKernelGetProperties_exit: { zeResult: ZE_RESULT_SUCCESS, pKernelProperties_val: { stype: ZE_STRUCTURE_TYPE_KERNEL_PROPERTIES, pNext: 0x0000000000000000, numKernelArgs: 4, requiredGroupSizeX: 0, requiredGroupSizeY: 0, requiredGroupSizeZ: 0, requiredNumSubGroups: 0, requiredSubgroupSize: 0, maxSubgroupSize: 32, maxNumSubgroups: 32, localMemSize: 0, privateMemSize: 0, spillMemSize: 0, uuid: { kid: 00000000-0000-0000-0000-000000000000, mid: 00000000-0000-0000-0000-000000000000 } } }
09:53:27.777416272 - cupcake - vpid: 1939640, vtid: 1939640 - lttng_ust_ze:zeKernelCreate_entry: { hModule: 0x000000001b483000, desc: 0x00007ffd3257ab58, phKernel: 0x00007ffd3257ac40, desc_val: { stype: ZE_STRUCTURE_TYPE_KERNEL_DESC, pNext: 0x0000000000000000, flags: [ ZE_KERNEL_FLAG_FORCE_RESIDENCY ], pKernelName: 0x000000001b4839c0 }, desc__pKernelName_val: "__chip_reset_non_symbols" }
09:53:27.777417138 - cupcake - vpid: 1939640, vtid: 1939640 - lttng_ust_ze_properties:kernel: { hKernel: 0x000000001b481de8, pKernelProperties_val: { stype: ZE_STRUCTURE_TYPE_KERNEL_PROPERTIES, pNext: 0x0000000000000000, numKernelArgs: 0, requiredGroupSizeX: 0, requiredGroupSizeY: 0, requiredGroupSizeZ: 0, requiredNumSubGroups: 0, requiredSubgroupSize: 0, maxSubgroupSize: 32, maxNumSubgroups: 32, localMemSize: 0, privateMemSize: 0, spillMemSize: 0, uuid: { kid: 00000000-0000-0000-0000-000000000000, mid: 00000000-0000-0000-0000-000000000000 } } }
09:53:27.777417408 - cupcake - vpid: 1939640, vtid: 1939640 - lttng_ust_ze:zeKernelCreate_exit: { zeResult: ZE_RESULT_SUCCESS, phKernel_val: 0x000000001b481de8 }
09:53:27.777418226 - cupcake - vpid: 1939640, vtid: 1939640 - lttng_ust_ze:zeKernelGetProperties_entry: { hKernel: 0x000000001b481de8, pKernelProperties: 0x00007ffd32579f70 }
09:53:27.777418469 - cupcake - vpid: 1939640, vtid: 1939640 - lttng_ust_ze:zeKernelGetProperties_exit: { zeResult: ZE_RESULT_SUCCESS, pKernelProperties_val: { stype: ZE_STRUCTURE_TYPE_KERNEL_PROPERTIES, pNext: 0x0000000000000000, numKernelArgs: 0, requiredGroupSizeX: 0, requiredGroupSizeY: 0, requiredGroupSizeZ: 0, requiredNumSubGroups: 0, requiredSubgroupSize: 0, maxSubgroupSize: 32, maxNumSubgroups: 32, localMemSize: 0, privateMemSize: 0, spillMemSize: 0, uuid: { kid: 00000000-0000-0000-0000-000000000000, mid: 00000000-0000-0000-0000-000000000000 } } }
09:53:27.777548136 - cupcake - vpid: 1939640, vtid: 1939640 - lttng_ust_ze:zeEventPoolCreate_entry: { hContext: 0x000000001b36c7f0, desc: 0x00007ffd325797c0, numDevices: 0, phDevices: 0x0000000000000000, phEventPool: 0x000000001b482258, desc_val: { stype: ZE_STRUCTURE_TYPE_EVENT_POOL_DESC, pNext: 0x0000000000000000, flags: [ ZE_EVENT_POOL_FLAG_HOST_VISIBLE ], count: 8 }, phDevices_vals: [  ] }
09:53:27.777599253 - cupcake - vpid: 1939640, vtid: 1939640 - lttng_ust_ze:zeEventPoolCreate_exit: { zeResult: ZE_RESULT_SUCCESS, phEventPool_val: 0x000000001b482550 }
09:53:27.777600670 - cupcake - vpid: 1939640, vtid: 1939640 - lttng_ust_ze:zeEventCreate_entry: { hEventPool: 0x000000001b482550, desc: 0x00007ffd32579580, phEvent: 0x000000001b482938, desc_val: { stype: ZE_STRUCTURE_TYPE_EVENT_DESC, pNext: 0x0000000000000000, index: 0, signal: [ ZE_EVENT_SCOPE_FLAG_HOST ], wait: [ ZE_EVENT_SCOPE_FLAG_HOST ] } }
09:53:27.777611303 - cupcake - vpid: 1939640, vtid: 1939640 - lttng_ust_ze:zeEventCreate_exit: { zeResult: ZE_RESULT_SUCCESS, phEvent_val: 0x000000001b482978 }
09:53:27.777612647 - cupcake - vpid: 1939640, vtid: 1939640 - lttng_ust_ze:zeEventCreate_entry: { hEventPool: 0x000000001b482550, desc: 0x00007ffd32579580, phEvent: 0x000000001b42e0e8, desc_val: { stype: ZE_STRUCTURE_TYPE_EVENT_DESC, pNext: 0x0000000000000000, index: 1, signal: [ ZE_EVENT_SCOPE_FLAG_HOST ], wait: [ ZE_EVENT_SCOPE_FLAG_HOST ] } }
09:53:27.777613206 - cupcake - vpid: 1939640, vtid: 1939640 - lttng_ust_ze:zeEventCreate_exit: { zeResult: ZE_RESULT_SUCCESS, phEvent_val: 0x000000001b42e128 }
09:53:27.777613633 - cupcake - vpid: 1939640, vtid: 1939640 - lttng_ust_ze:zeEventCreate_entry: { hEventPool: 0x000000001b482550, desc: 0x00007ffd32579580, phEvent: 0x000000001b42e458, desc_val: { stype: ZE_STRUCTURE_TYPE_EVENT_DESC, pNext: 0x0000000000000000, index: 2, signal: [ ZE_EVENT_SCOPE_FLAG_HOST ], wait: [ ZE_EVENT_SCOPE_FLAG_HOST ] } }
09:53:27.777614150 - cupcake - vpid: 1939640, vtid: 1939640 - lttng_ust_ze:zeEventCreate_exit: { zeResult: ZE_RESULT_SUCCESS, phEvent_val: 0x000000001b42e498 }
09:53:27.777614466 - cupcake - vpid: 1939640, vtid: 1939640 - lttng_ust_ze:zeEventCreate_entry: { hEventPool: 0x000000001b482550, desc: 0x00007ffd32579580, phEvent: 0x000000001b42e7c8, desc_val: { stype: ZE_STRUCTURE_TYPE_EVENT_DESC, pNext: 0x0000000000000000, index: 3, signal: [ ZE_EVENT_SCOPE_FLAG_HOST ], wait: [ ZE_EVENT_SCOPE_FLAG_HOST ] } }
09:53:27.777614812 - cupcake - vpid: 1939640, vtid: 1939640 - lttng_ust_ze:zeEventCreate_exit: { zeResult: ZE_RESULT_SUCCESS, phEvent_val: 0x000000001b42e808 }
09:53:27.777615171 - cupcake - vpid: 1939640, vtid: 1939640 - lttng_ust_ze:zeEventCreate_entry: { hEventPool: 0x000000001b482550, desc: 0x00007ffd32579580, phEvent: 0x000000001b42eb38, desc_val: { stype: ZE_STRUCTURE_TYPE_EVENT_DESC, pNext: 0x0000000000000000, index: 4, signal: [ ZE_EVENT_SCOPE_FLAG_HOST ], wait: [ ZE_EVENT_SCOPE_FLAG_HOST ] } }
09:53:27.777615493 - cupcake - vpid: 1939640, vtid: 1939640 - lttng_ust_ze:zeEventCreate_exit: { zeResult: ZE_RESULT_SUCCESS, phEvent_val: 0x000000001b42eb78 }
09:53:27.777615789 - cupcake - vpid: 1939640, vtid: 1939640 - lttng_ust_ze:zeEventCreate_entry: { hEventPool: 0x000000001b482550, desc: 0x00007ffd32579580, phEvent: 0x000000001b42eea8, desc_val: { stype: ZE_STRUCTURE_TYPE_EVENT_DESC, pNext: 0x0000000000000000, index: 5, signal: [ ZE_EVENT_SCOPE_FLAG_HOST ], wait: [ ZE_EVENT_SCOPE_FLAG_HOST ] } }
09:53:27.777616119 - cupcake - vpid: 1939640, vtid: 1939640 - lttng_ust_ze:zeEventCreate_exit: { zeResult: ZE_RESULT_SUCCESS, phEvent_val: 0x000000001b42eee8 }
09:53:27.777616417 - cupcake - vpid: 1939640, vtid: 1939640 - lttng_ust_ze:zeEventCreate_entry: { hEventPool: 0x000000001b482550, desc: 0x00007ffd32579580, phEvent: 0x000000001b42f218, desc_val: { stype: ZE_STRUCTURE_TYPE_EVENT_DESC, pNext: 0x0000000000000000, index: 6, signal: [ ZE_EVENT_SCOPE_FLAG_HOST ], wait: [ ZE_EVENT_SCOPE_FLAG_HOST ] } }
09:53:27.777616742 - cupcake - vpid: 1939640, vtid: 1939640 - lttng_ust_ze:zeEventCreate_exit: { zeResult: ZE_RESULT_SUCCESS, phEvent_val: 0x000000001b42f258 }
09:53:27.777617043 - cupcake - vpid: 1939640, vtid: 1939640 - lttng_ust_ze:zeEventCreate_entry: { hEventPool: 0x000000001b482550, desc: 0x00007ffd32579580, phEvent: 0x000000001b42f588, desc_val: { stype: ZE_STRUCTURE_TYPE_EVENT_DESC, pNext: 0x0000000000000000, index: 7, signal: [ ZE_EVENT_SCOPE_FLAG_HOST ], wait: [ ZE_EVENT_SCOPE_FLAG_HOST ] } }
09:53:27.777617366 - cupcake - vpid: 1939640, vtid: 1939640 - lttng_ust_ze:zeEventCreate_exit: { zeResult: ZE_RESULT_SUCCESS, phEvent_val: 0x000000001b42f5c8 }
09:53:27.777621318 - cupcake - vpid: 1939640, vtid: 1939640 - lttng_ust_ze:zeEventHostReset_entry: { hEvent: 0x000000001b42f5c8 }
09:53:27.777622506 - cupcake - vpid: 1939640, vtid: 1939640 - lttng_ust_ze:zeEventHostReset_exit: { zeResult: ZE_RESULT_SUCCESS }
09:53:27.777625934 - cupcake - vpid: 1939640, vtid: 1939640 - lttng_ust_ze:zeKernelSetGroupSize_entry: { hKernel: 0x000000001b481de8, groupSizeX: 1, groupSizeY: 1, groupSizeZ: 1 }
09:53:27.777626795 - cupcake - vpid: 1939640, vtid: 1939640 - lttng_ust_ze:zeKernelSetGroupSize_exit: { zeResult: ZE_RESULT_SUCCESS }
09:53:27.777628600 - cupcake - vpid: 1939640, vtid: 1939640 - lttng_ust_ze:zeKernelSetIndirectAccess_entry: { hKernel: 0x000000001b481de8, flags: [ ZE_KERNEL_INDIRECT_ACCESS_FLAG_HOST, ZE_KERNEL_INDIRECT_ACCESS_FLAG_DEVICE ] }
09:53:27.777629478 - cupcake - vpid: 1939640, vtid: 1939640 - lttng_ust_ze:zeKernelSetIndirectAccess_exit: { zeResult: ZE_RESULT_SUCCESS }
09:53:27.777700379 - cupcake - vpid: 1939640, vtid: 1939640 - lttng_ust_ze:zeCommandListAppendLaunchKernel_entry: { hCommandList: 0x000000001b3fbb68, hKernel: 0x000000001b481de8, pLaunchFuncArgs: 0x00007ffd3257a094, hSignalEvent: 0x000000001b42f5c8, numWaitEvents: 1, phWaitEvents: 0x000000001b42f900, pLaunchFuncArgs_val: { groupCountX: 1, groupCountY: 1, groupCountZ: 1 }, phWaitEvents_vals: [ 0x000000001b47ef58 ] }
09:53:27.777920672 - cupcake - vpid: 1939640, vtid: 1939640 - lttng_ust_ze_properties:device_timer: { hDevice: 0x000000001b3eaaa8, hostTimestamp: 593726444073943, deviceTimestamp: 61856452136 }
09:53:27.778068059 - cupcake - vpid: 1939640, vtid: 1939640 - lttng_ust_ze_profiling:event_profiling: { hEvent: 0x000000001b42f5c8 }
09:53:27.778069401 - cupcake - vpid: 1939640, vtid: 1939640 - lttng_ust_ze:zeCommandListAppendLaunchKernel_exit: { zeResult: ZE_RESULT_SUCCESS }
09:53:27.778084773 - cupcake - vpid: 1939640, vtid: 1939640 - lttng_ust_ze:zeEventHostSynchronize_entry: { hEvent: 0x000000001b42f5c8, timeout: 9223372036854775808 }
09:53:27.778480072 - cupcake - vpid: 1939640, vtid: 1939640 - lttng_ust_ze:zeEventHostSynchronize_exit: { zeResult: ZE_RESULT_SUCCESS }
09:53:27.778481037 - cupcake - vpid: 1939640, vtid: 1939640 - lttng_ust_ze:zeCommandQueueSynchronize_entry: { hCommandQueue: 0x000000001b3f6d50, timeout: 9223372036854775808 }
09:53:27.778482064 - cupcake - vpid: 1939640, vtid: 1939640 - lttng_ust_ze:zeCommandQueueSynchronize_exit: { zeResult: ZE_RESULT_SUCCESS }
09:53:27.778501506 - cupcake - vpid: 1939640, vtid: 1939640 - lttng_ust_ze:zeKernelSetArgumentValue_entry: { hKernel: 0x000000001b481aa8, argIndex: 0, argSize: 8, pArgValue: 0x00007ffd3257b568, pArgValue_vals: "\x00\x00\xA0\xAAV\xD5\xFF\xFF" }
09:53:27.778504312 - cupcake - vpid: 1939640, vtid: 1939640 - lttng_ust_ze:zeKernelSetArgumentValue_exit: { zeResult: ZE_RESULT_SUCCESS }
09:53:27.778505586 - cupcake - vpid: 1939640, vtid: 1939640 - lttng_ust_ze:zeKernelSetArgumentValue_entry: { hKernel: 0x000000001b481aa8, argIndex: 1, argSize: 8, pArgValue: 0x00007ffd3257b560, pArgValue_vals: "\x00\x00 \xF8\x7Fy\x00\x00" }
09:53:27.778506328 - cupcake - vpid: 1939640, vtid: 1939640 - lttng_ust_ze:zeKernelSetArgumentValue_exit: { zeResult: ZE_RESULT_SUCCESS }
09:53:27.778506673 - cupcake - vpid: 1939640, vtid: 1939640 - lttng_ust_ze:zeKernelSetArgumentValue_entry: { hKernel: 0x000000001b481aa8, argIndex: 2, argSize: 8, pArgValue: 0x00007ffd3257b558, pArgValue_vals: "\x80\x96\x98\x00\x00\x00\x00\x00" }
09:53:27.778506967 - cupcake - vpid: 1939640, vtid: 1939640 - lttng_ust_ze:zeKernelSetArgumentValue_exit: { zeResult: ZE_RESULT_SUCCESS }
09:53:27.778507230 - cupcake - vpid: 1939640, vtid: 1939640 - lttng_ust_ze:zeKernelSetArgumentValue_entry: { hKernel: 0x000000001b481aa8, argIndex: 3, argSize: 4, pArgValue: 0x00007ffd3257b554, pArgValue_vals: "d\x00\x00\x00" }
09:53:27.778507501 - cupcake - vpid: 1939640, vtid: 1939640 - lttng_ust_ze:zeKernelSetArgumentValue_exit: { zeResult: ZE_RESULT_SUCCESS }
09:53:27.778512215 - cupcake - vpid: 1939640, vtid: 1939640 - lttng_ust_ze:zeEventHostReset_entry: { hEvent: 0x000000001b42f258 }
09:53:27.778513169 - cupcake - vpid: 1939640, vtid: 1939640 - lttng_ust_ze:zeEventHostReset_exit: { zeResult: ZE_RESULT_SUCCESS }
09:53:27.778514438 - cupcake - vpid: 1939640, vtid: 1939640 - lttng_ust_ze:zeKernelSetGroupSize_entry: { hKernel: 0x000000001b481aa8, groupSizeX: 256, groupSizeY: 1, groupSizeZ: 1 }
09:53:27.778515083 - cupcake - vpid: 1939640, vtid: 1939640 - lttng_ust_ze:zeKernelSetGroupSize_exit: { zeResult: ZE_RESULT_SUCCESS }
09:53:27.778515712 - cupcake - vpid: 1939640, vtid: 1939640 - lttng_ust_ze:zeKernelSetIndirectAccess_entry: { hKernel: 0x000000001b481aa8, flags: [ ZE_KERNEL_INDIRECT_ACCESS_FLAG_HOST, ZE_KERNEL_INDIRECT_ACCESS_FLAG_DEVICE ] }
09:53:27.778516211 - cupcake - vpid: 1939640, vtid: 1939640 - lttng_ust_ze:zeKernelSetIndirectAccess_exit: { zeResult: ZE_RESULT_SUCCESS }
09:53:27.778532828 - cupcake - vpid: 1939640, vtid: 1939640 - lttng_ust_ze:zeCommandListAppendLaunchKernel_entry: { hCommandList: 0x000000001b3fbb68, hKernel: 0x000000001b481aa8, pLaunchFuncArgs: 0x00007ffd3257a2d4, hSignalEvent: 0x000000001b42f258, numWaitEvents: 0, phWaitEvents: 0x0000000000000000, pLaunchFuncArgs_val: { groupCountX: 39063, groupCountY: 1, groupCountZ: 1 }, phWaitEvents_vals: [  ] }
09:53:27.778586613 - cupcake - vpid: 1939640, vtid: 1939640 - lttng_ust_ze_properties:device_timer: { hDevice: 0x000000001b3eaaa8, hostTimestamp: 593726444740418, deviceTimestamp: 61856464934 }
09:53:27.778606493 - cupcake - vpid: 1939640, vtid: 1939640 - lttng_ust_ze_profiling:event_profiling: { hEvent: 0x000000001b42f258 }
09:53:27.778606798 - cupcake - vpid: 1939640, vtid: 1939640 - lttng_ust_ze:zeCommandListAppendLaunchKernel_exit: { zeResult: ZE_RESULT_SUCCESS }
09:53:27.778614478 - cupcake - vpid: 1939640, vtid: 1939640 - lttng_ust_hip:hipLaunchKernel_exit: { hipResult: hipSuccess }
09:53:27.778616399 - cupcake - vpid: 1939640, vtid: 1939640 - lttng_ust_hip:hipGetLastError_entry: {  }
09:53:27.778617655 - cupcake - vpid: 1939640, vtid: 1939640 - lttng_ust_hip:hipGetLastError_exit: { hipResult: hipSuccess }
09:53:27.778618237 - cupcake - vpid: 1939640, vtid: 1939640 - lttng_ust_hip:hipEventRecord_entry: { event: 0x000000001b4221c0, stream: 0x0000000000000000 }
09:53:27.778619800 - cupcake - vpid: 1939640, vtid: 1939640 - lttng_ust_ze:zeEventHostReset_entry: { hEvent: 0x000000001b4063e8 }
09:53:27.778620325 - cupcake - vpid: 1939640, vtid: 1939640 - lttng_ust_ze:zeEventHostReset_exit: { zeResult: ZE_RESULT_SUCCESS }
09:53:27.778621736 - cupcake - vpid: 1939640, vtid: 1939640 - lttng_ust_ze:zeEventHostReset_entry: { hEvent: 0x000000001b42eee8 }
09:53:27.778622028 - cupcake - vpid: 1939640, vtid: 1939640 - lttng_ust_ze:zeEventHostReset_exit: { zeResult: ZE_RESULT_SUCCESS }
09:53:27.778623282 - cupcake - vpid: 1939640, vtid: 1939640 - lttng_ust_ze:zeEventHostReset_entry: { hEvent: 0x000000001b42eb78 }
09:53:27.778623527 - cupcake - vpid: 1939640, vtid: 1939640 - lttng_ust_ze:zeEventHostReset_exit: { zeResult: ZE_RESULT_SUCCESS }
09:53:27.778646359 - cupcake - vpid: 1939640, vtid: 1939640 - lttng_ust_ze:zeDeviceGetGlobalTimestamps_entry: { hDevice: 0x000000001b3eaaa8, hostTimestamp: 0x000000001b422248, deviceTimestamp: 0x000000001b422250 }
09:53:27.778651302 - cupcake - vpid: 1939640, vtid: 1939640 - lttng_ust_ze:zeDeviceGetGlobalTimestamps_exit: { zeResult: ZE_RESULT_SUCCESS, hostTimestamp_val: 593726444804988, deviceTimestamp_val: 61856466175 }
09:53:27.778653306 - cupcake - vpid: 1939640, vtid: 1939640 - lttng_ust_ze:zeCommandListAppendWriteGlobalTimestamp_entry: { hCommandList: 0x000000001b3fbb68, dstptr: 0x00007980198b4000, hSignalEvent: 0x000000001b42eee8, numWaitEvents: 1, phWaitEvents: 0x000000001b42f940, phWaitEvents_vals: [ 0x000000001b42f258 ] }
09:53:27.778657829 - cupcake - vpid: 1939640, vtid: 1939640 - lttng_ust_ze_properties:device_timer: { hDevice: 0x000000001b3eaaa8, hostTimestamp: 593726444811732, deviceTimestamp: 61856466305 }
09:53:27.778667847 - cupcake - vpid: 1939640, vtid: 1939640 - lttng_ust_ze_profiling:event_profiling: { hEvent: 0x000000001b42eee8 }
09:53:27.778668286 - cupcake - vpid: 1939640, vtid: 1939640 - lttng_ust_ze:zeCommandListAppendWriteGlobalTimestamp_exit: { zeResult: ZE_RESULT_SUCCESS }
09:53:27.778670863 - cupcake - vpid: 1939640, vtid: 1939640 - lttng_ust_ze:zeCommandListAppendMemoryCopy_entry: { hCommandList: 0x000000001b3fbb68, dstptr: 0x000000001b422240, srcptr: 0x00007980198b4000, size: 8, hSignalEvent: 0x000000001b42eb78, numWaitEvents: 1, phWaitEvents: 0x000000001b42eea8, phWaitEvents_vals: [ 0x000000001b42eee8 ] }
09:53:27.778675466 - cupcake - vpid: 1939640, vtid: 1939640 - lttng_ust_ze_properties:device_timer: { hDevice: 0x000000001b3eaaa8, hostTimestamp: 593726444829391, deviceTimestamp: 61856466644 }
09:53:27.778730756 - cupcake - vpid: 1939640, vtid: 1939640 - lttng_ust_ze_profiling:event_profiling: { hEvent: 0x000000001b42eb78 }
09:53:27.778731123 - cupcake - vpid: 1939640, vtid: 1939640 - lttng_ust_ze:zeCommandListAppendMemoryCopy_exit: { zeResult: ZE_RESULT_SUCCESS }
09:53:27.778732956 - cupcake - vpid: 1939640, vtid: 1939640 - lttng_ust_ze:zeCommandListAppendBarrier_entry: { hCommandList: 0x000000001b3fbb68, hSignalEvent: 0x000000001b4063e8, numWaitEvents: 1, phWaitEvents: 0x000000001b42eb38, phWaitEvents_vals: [ 0x000000001b42eb78 ] }
09:53:27.778737652 - cupcake - vpid: 1939640, vtid: 1939640 - lttng_ust_ze_properties:device_timer: { hDevice: 0x000000001b3eaaa8, hostTimestamp: 593726444891576, deviceTimestamp: 61856467836 }
09:53:27.778761080 - cupcake - vpid: 1939640, vtid: 1939640 - lttng_ust_ze_profiling:event_profiling: { hEvent: 0x000000001b4063e8 }
09:53:27.778761429 - cupcake - vpid: 1939640, vtid: 1939640 - lttng_ust_ze:zeCommandListAppendBarrier_exit: { zeResult: ZE_RESULT_SUCCESS }
09:53:27.778763596 - cupcake - vpid: 1939640, vtid: 1939640 - lttng_ust_ze:zeEventHostReset_entry: { hEvent: 0x000000001b42e808 }
09:53:27.778764117 - cupcake - vpid: 1939640, vtid: 1939640 - lttng_ust_ze:zeEventHostReset_exit: { zeResult: ZE_RESULT_SUCCESS }
09:53:27.778764859 - cupcake - vpid: 1939640, vtid: 1939640 - lttng_ust_ze:zeCommandListAppendBarrier_entry: { hCommandList: 0x000000001b3fbb68, hSignalEvent: 0x000000001b42e808, numWaitEvents: 1, phWaitEvents: 0x000000001b42eb38, phWaitEvents_vals: [ 0x000000001b42eb78 ] }
09:53:27.778769396 - cupcake - vpid: 1939640, vtid: 1939640 - lttng_ust_ze_properties:device_timer: { hDevice: 0x000000001b3eaaa8, hostTimestamp: 593726444923326, deviceTimestamp: 61856468446 }
09:53:27.778776668 - cupcake - vpid: 1939640, vtid: 1939640 - lttng_ust_ze_profiling:event_profiling: { hEvent: 0x000000001b42e808 }
09:53:27.778776865 - cupcake - vpid: 1939640, vtid: 1939640 - lttng_ust_ze:zeCommandListAppendBarrier_exit: { zeResult: ZE_RESULT_SUCCESS }
09:53:27.778780522 - cupcake - vpid: 1939640, vtid: 1939640 - lttng_ust_hip:hipEventRecord_exit: { hipResult: hipSuccess }
09:53:27.778784848 - cupcake - vpid: 1939640, vtid: 1939640 - lttng_ust_hip:hipEventElapsedTime_entry: { ms: 0x00007ffd3257cad0, start: 0x000000001b41b320, stop: 0x000000001b41b320 }
09:53:27.778787831 - cupcake - vpid: 1939640, vtid: 1939640 - lttng_ust_ze:zeEventQueryStatus_entry: { hEvent: 0x000000001b421f28 }
09:53:27.780964274 - cupcake - vpid: 1939640, vtid: 1939640 - lttng_ust_ze:zeEventQueryStatus_exit: { zeResult: ZE_RESULT_SUCCESS }
